Running
Submitted batch job 46774452
Submitted batch job 46774453
Submitted batch job 46774454
Submitted batch job 46774455
Submitted batch job 46774456
Submitted batch job 46774457
Submitted batch job 46774461
Submitted batch job 46774462
Submitted batch job 46774463
Submitted batch job 46774464
Submitted batch job 46774465
Submitted batch job 46774466
Submitted batch job 46774535
Submitted batch job 46774536
Submitted batch job 46774550
Submitted batch job 46774554
Submitted batch job 46774596
Submitted batch job 46774607
Submitted batch job 46774610
Submitted batch job 46774614
Submitted batch job 46774655
Submitted batch job 46774693
Submitted batch job 46774694
Submitted batch job 46774695
Submitted batch job 46774696
Submitted batch job 46774698
Submitted batch job 46774701
Submitted batch job 46774702
Submitted batch job 46774707
Submitted batch job 46774708
Submitted batch job 46774743
Submitted batch job 46774746
Submitted batch job 46774750
Submitted batch job 46774753
Submitted batch job 46774767
Submitted batch job 46774768
Submitted batch job 46774789
Submitted batch job 46774794
Submitted batch job 46774829
Submitted batch job 46774836
Submitted batch job 46774838
Submitted batch job 46774841
Submitted batch job 46774844
Submitted batch job 46774846
Submitted batch job 46774847
Submitted batch job 46774848
Submitted batch job 46774887
Submitted batch job 46774888
Submitted batch job 46774898
Submitted batch job 46774912
Submitted batch job 46775011
Submitted batch job 46775012
Submitted batch job 46775013
Submitted batch job 46775014
Submitted batch job 46775015
Submitted batch job 46775016
Submitted batch job 46775017
Submitted batch job 46775018
Submitted batch job 46775020
Submitted batch job 46775021
Submitted batch job 46775022
Submitted batch job 46775023
Submitted batch job 46775075
Submitted batch job 46775076
Submitted batch job 46775078
Submitted batch job 46775080
Submitted batch job 46775081
Submitted batch job 46775082
Submitted batch job 46775085
Submitted batch job 46775086
Submitted batch job 46775087
Submitted batch job 46775119
Submitted batch job 46775123
Submitted batch job 46775134
Submitted batch job 46775159
Submitted batch job 46775191
Submitted batch job 46775197
Submitted batch job 46775198
Submitted batch job 46775200
Submitted batch job 46775201
Submitted batch job 46775205
Submitted batch job 46775206
Submitted batch job 46775208
Submitted batch job 46775242
Submitted batch job 46775244
Submitted batch job 46775245
Submitted batch job 46775246
Submitted batch job 46775249
Submitted batch job 46775254
Submitted batch job 46775257
Submitted batch job 46775258
Submitted batch job 46775261
Submitted batch job 46775291
Submitted batch job 46775296
Submitted batch job 46775298
Submitted batch job 46775301
Submitted batch job 46775304
Submitted batch job 46775308
Submitted batch job 46775309
Submitted batch job 46775311
Submitted batch job 46776954
Submitted batch job 46776955
Submitted batch job 46776956
Submitted batch job 46776957
Submitted batch job 46776958
Submitted batch job 46776959
Submitted batch job 46776961
Submitted batch job 46776962
Submitted batch job 46776963
Submitted batch job 46776964
Submitted batch job 46776965
Submitted batch job 46776966
Submitted batch job 46777009
Submitted batch job 46777010
Submitted batch job 46777011
Submitted batch job 46777012
Submitted batch job 46777013
Submitted batch job 46777015
Submitted batch job 46777017
Submitted batch job 46777018
Submitted batch job 46777019
Submitted batch job 46777053
Submitted batch job 46777056
Submitted batch job 46777063
Submitted batch job 46778608
Submitted batch job 46778610
Submitted batch job 46778612
Submitted batch job 46778613
Submitted batch job 46778616
Submitted batch job 46778617
Submitted batch job 46778618
Submitted batch job 46778620
Submitted batch job 46778623
Submitted batch job 46778625
Submitted batch job 46778626
Submitted batch job 46778676
Submitted batch job 46778677
Submitted batch job 46778679
Submitted batch job 46778715
Submitted batch job 46778716
Submitted batch job 46778718
Submitted batch job 46778733
Submitted batch job 46778742
Submitted batch job 46778743
Submitted batch job 46778744
Submitted batch job 46778748
Submitted batch job 46778751
Submitted batch job 46778782
Submitted batch job 46778783
Submitted batch job 46778786
run_02290
run_02291
run_02292
run_02293
run_02294
run_02295
run_02296
run_02297
run_02298
run_02299
run_02300
run_02301
run_02302
run_02303
run_02304
run_02305
run_02306
run_02307
run_02308
run_02309
run_02310
run_02311
run_02312
run_02313
run_02314
run_02315
run_02316
run_02317
run_02318
run_02319
run_02320
run_02321
run_02322
run_02323
run_02324
run_02325
run_02326
run_02327
run_02328
run_02329
run_02330
run_02331
run_02332
run_02333
run_02334
run_02335
run_02336
run_02337
run_02338
run_02339
run_02340
run_02341
run_02342
run_02343
run_02344
run_02345
run_02346
run_02347
run_02348
run_02349
run_02350
run_02351
run_02352
run_02353
run_02354
run_02355
run_02356
run_02357
run_02358
run_02359
run_02360
run_02361
run_02362
run_02363
run_02364
run_02365
run_02366
run_02367
run_02368
run_02369
run_02370
run_02371
run_02372
run_02373
run_02374
run_02375
run_02376
run_02377
run_02378
run_02379
run_02380
run_02381
run_02382
run_02383
run_02384
run_02385
run_02386
run_02387
run_02388
run_02389
run_02390
run_02391
run_02392
run_02393
run_02394
run_02395
run_02396
run_02397
run_02398
run_02399
run_02400
run_02401
run_02402
run_02403
run_02404
run_02405
run_02406
run_02407
run_02408
run_02409
run_02410
run_02411
run_02412
run_02413
run_02414
run_02415
run_02416
run_02417
run_02418
run_02419
run_02420
run_02421
run_02422
run_02423
run_02424
run_02425
run_02426
run_02427
run_02428
run_02429
run_02430
run_02431
run_02432
run_02433
run_02434
run_02435
run_02436
run_02437
run_02438
run_02439
run_02440
run_02441
run_02442
run_02443
run_02444
run_02445
run_02446
run_02447
run_02448
run_02449
run_02450
run_02451
run_02452
run_02453
run_02454
run_02455
run_02456
run_02457
run_02458
run_02459
run_02460
run_02461
run_02462
run_02463
run_02464
run_02465
run_02466
run_02467
run_02468
run_02469
run_02470
run_02471
run_02472
run_02473
run_02474
run_02475
run_02476
run_02477
run_02478
run_02479
run_02480
run_02481
run_02482
run_02483
run_02484
run_02485
run_02486
run_02487
run_02488
run_02489
run_02490
run_02491
run_02492
run_02493
run_02494
run_02495
run_02496
run_02497
run_02498
run_02499
run_02500
run_02501
run_02502
run_02503
run_02504
run_02505
run_02506
run_02507
run_02508
run_02509
run_02510
run_02511
run_02512
run_02513
run_02514
run_02515
run_02516
run_02517
run_02518
run_02519
run_02520
run_02521
run_02522
run_02523
run_02524
run_02525
run_02526
run_02527
run_02528
run_02529
run_02530
run_02531
run_02532
run_02533
run_02534
run_02535
run_02536
run_02537
run_02538
run_02539
run_02540
run_02541
run_02542
run_02543
run_02544
run_02545
run_02546
run_02547
run_02548
run_02549
run_02550
run_02551
run_02552
run_02553
run_02554
run_02555
run_02556
run_02557
run_02558
run_02559
run_02560
run_02561
run_02562
run_02563
run_02564
run_02565
run_02566
run_02567
run_02568
run_02569
run_02570
run_02571
run_02572
run_02573
run_02574
run_02575
run_02576
run_02577
run_02578
run_02579
run_02580
run_02581
run_02582
run_02583
run_02584
run_02585
run_02586
run_02587
run_02588
run_02589
run_02590
run_02591
run_02592
run_02593
run_02594
run_02595
run_02596
run_02597
run_02598
run_02599
run_02600
run_02601
run_02602
run_02603
run_02604
run_02605
run_02606
run_02607
run_02608
run_02609
run_02610
run_02611
run_02612
run_02613
run_02614
run_02615
run_02616
run_02617
run_02618
run_02619
run_02620
run_02621
run_02622
run_02623
run_02624
run_02625
run_02626
run_02627
run_02628
run_02629
run_02630
run_02631
run_02632
run_02633
run_02634
run_02635
run_02636
run_02637
run_02638
run_02639
run_02640
run_02641
run_02642
run_02643
run_02644
run_02645
run_02646
run_02647
run_02648
run_02649
run_02650
run_02651
run_02652
run_02653
run_02654
run_02655
run_02656
run_02657
run_02658
run_02659
run_02660
run_02661
run_02662
run_02663
run_02664
run_02665
run_02666
run_02667
run_02668
run_02669
run_02670
run_02671
run_02672
run_02673
run_02674
run_02675
run_02676
run_02677
run_02678
run_02679
run_02680
run_02681
run_02682
run_02683
run_02684
run_02685
run_02686
run_02687
run_02688
run_02689
run_02690
run_02691
run_02692
run_02693
run_02694
run_02695
run_02696
run_02697
run_02698
run_02699
run_02700
run_02701
run_02702
run_02703
run_02704
run_02705
run_02706
run_02707
run_02708
run_02709
run_02710
run_02711
run_02712
run_02713
run_02714
run_02715
run_02716
run_02717
run_02718
run_02719
run_02720
run_02721
run_02722
run_02723
run_02724
run_02725
run_02726
run_02727
run_02728
run_02729
run_02730
run_02731
run_02732
run_02733
run_02734
run_02735
run_02736
run_02737
run_02738
run_02739
run_02740
run_02741
run_02742
run_02743
run_02744
run_02745
run_02746
run_02747
run_02748
run_02749
run_02750
run_02751
run_02752
run_02753
run_02754
run_02755
run_02756
run_02757
run_02758
run_02759
run_02760
run_02761
run_02762
run_02763
run_02764
run_02765
run_02766
run_02767
run_02768
run_02769
run_02770
run_02771
run_02772
run_02773
run_02774
run_02775
run_02776
run_02777
run_02778
run_02779
run_02780
run_02781
run_02782
run_02783
run_02784
run_02785
run_02786
run_02787
run_02788
run_02789
run_02790
run_02791
run_02792
run_02793
run_02794
run_02795
run_02796
run_02797
run_02798
run_02799
run_02800
run_02801
run_02802
run_02803
run_02804
run_02805
run_02806
run_02807
run_02808
run_02809
run_02810
run_02811
run_02812
run_02813
run_02814
run_02815
run_02816
run_02817
run_02818
run_02819
run_02820
run_02821
run_02822
run_02823
run_02824
run_02825
run_02826
run_02827
run_02828
run_02829
run_02830
run_02831
run_02832
run_02833
run_02834
run_02835
run_02836
run_02837
run_02838
run_02839
run_02840
run_02841
run_02842
run_02843
run_02844
run_02845
run_02846
run_02847
run_02848
run_02849
run_02850
run_02851
run_02852
run_02853
run_02854
run_02855
run_02856
run_02857
run_02858
run_02859
run_02860
run_02861
run_02862
run_02863
run_02864
run_02865
run_02866
run_02867
run_02868
run_02869
run_02870
run_02871
run_02872
run_02873
run_02874
run_02875
run_02876
run_02877
run_02878
run_02879
run_02880
run_02881
run_02882
run_02883
run_02884
run_02885
run_02886
run_02887
run_02888
run_02889
run_02890
run_02891
run_02892
run_02893
run_02894
run_02895
run_02896
run_02897
run_02898
run_02899
run_02900
run_02901
run_02902
run_02903
run_02904
run_02905
run_02906
run_02907
run_02908
run_02909
run_02910
run_02911
run_02912
run_02913
run_02914
run_02915
run_02916
run_02917
run_02918
run_02919
run_02920
run_02921
run_02922
run_02923
run_02924
run_02925
run_02926
run_02927
run_02928
run_02929
run_02930
run_02931
run_02932
run_02933
run_02934
run_02935
run_02936
run_02937
run_02938
run_02939
run_02940
run_02941
run_02942
run_02943
run_02944
run_02945
run_02946
run_02947
run_02948
run_02949
run_02950
run_02951
run_02952
run_02953
run_02954
run_02955
run_02956
run_02957
run_02958
run_02959
run_02960
run_02961
run_02962
run_02963
run_02964
run_02965
run_02966
run_02967
run_02968
run_02969
run_02970
run_02971
run_02972
run_02973
run_02974
run_02975
run_02976
run_02977
run_02978
run_02979
run_02980
run_02981
run_02982
run_02983
run_02984
run_02985
run_02986
run_02987
run_02988
run_02989
run_02990
run_02991
run_02992
run_02993
run_02994
run_02995
run_02996
run_02997
run_02998
run_02999
run_03000
run_03001
run_03002
run_03003
run_03004
run_03005
run_03006
run_03007
run_03008
run_03009
run_03010
run_03011
run_03012
run_03013
run_03014
run_03015
run_03016
run_03017
run_03018
run_03019
run_03020
run_03021
run_03022
run_03023
run_03024
run_03025
run_03026
run_03027
run_03028
run_03029
run_03030
run_03031
run_03032
run_03033
run_03034
run_03035
run_03036
run_03037
run_03038
run_03039
run_03040
run_03041
run_03042
run_03043
run_03044
run_03045
run_03046
run_03047
run_03048
run_03049
run_03050
run_03051
run_03052
run_03053
run_03054
run_03055
run_03056
run_03057
run_03058
run_03059
run_03060
run_03061
run_03062
run_03063
run_03064
run_03065
run_03066
run_03067
run_03068
run_03069
run_03070
run_03071
run_03072
run_03073
run_03074
run_03075
run_03076
run_03077
run_03078
run_03079
run_03080
run_03081
run_03082
run_03083
run_03084
run_03085
run_03086
run_03087
run_03088
run_03089
run_03090
run_03091
run_03092
run_03093
run_03094
run_03095
run_03096
run_03097
run_03098
run_03099
run_03100
run_03101
run_03102
run_03103
run_03104
run_03105
run_03106
run_03107
run_03108
run_03109
run_03110
run_03111
run_03112
run_03113
run_03114
run_03115
run_03116
run_03117
run_03118
run_03119
run_03120
run_03121
run_03122
run_03123
run_03124
run_03125
run_03126
run_03127
run_03128
run_03129
run_03130
run_03131
run_03132
run_03133
run_03134
run_03135
run_03136
run_03137
run_03138
run_03139
run_03140
run_03141
run_03142
run_03143
run_03144
run_03145
run_03146
run_03147
run_03148
run_03149
run_03150
run_03151
run_03152
run_03153
run_03154
run_03155
run_03156
run_03157
run_03158
run_03159
run_03160
run_03161
run_03162
run_03163
run_03164
run_03165
run_03166
run_03167
run_03168
run_03169
run_03170
run_03171
run_03172
run_03173
run_03174
run_03175
run_03176
run_03177
run_03178
run_03179
run_03180
run_03181
run_03182
run_03183
run_03184
run_03185
run_03186
run_03187
run_03188
run_03189
run_03190
run_03191
run_03192
run_03193
run_03194
run_03195
run_03196
run_03197
run_03198
run_03199
run_03200
run_03201
run_03202
run_03203
run_03204
run_03205
run_03206
run_03207
run_03208
run_03209
run_03210
run_03211
run_03212
run_03213
run_03214
run_03215
run_03216
run_03217
run_03218
run_03219
run_03220
run_03221
run_03222
run_03223
run_03224
run_03225
run_03226
run_03227
run_03228
run_03229
run_03230
run_03231
run_03232
run_03233
run_03234
run_03235
run_03236
run_03237
run_03238
run_03239
run_03240
run_03241
run_03242
run_03243
run_03244
run_03245
run_03246
run_03247
run_03248
run_03249
run_03250
run_03251
run_03252
run_03253
run_03254
run_03255
run_03256
run_03257
run_03258
run_03259
run_03260
run_03261
run_03262
run_03263
run_03264
run_03265
run_03266
run_03267
run_03268
run_03269
run_03270
run_03271
run_03272
run_03273
run_03274
run_03275
run_03276
run_03277
run_03278
run_03279
run_03280
run_03281
run_03282
run_03283
run_03284
run_03285
run_03286
run_03287
run_03288
run_03289
run_03290
run_03291
run_03292
run_03293
run_03294
run_03295
run_03296
run_03297
run_03298
run_03299
run_03300
run_03301
run_03302
run_03303
run_03304
run_03305
run_03306
run_03307
run_03308
run_03309
run_03310
run_03311
run_03312
run_03313
run_03314
run_03315
run_03316
run_03317
run_03318
run_03319
run_03320
run_03321
run_03322
run_03323
run_03324
run_03325
run_03326
run_03327
run_03328
run_03329
run_03330
run_03331
run_03332
run_03333
run_03334
run_03335
run_03336
run_03337
run_03338
run_03339
run_03340
run_03341
run_03342
run_03343
run_03344
run_03345
run_03346
run_03347
run_03348
run_03349
run_03350
run_03351
run_03352
run_03353
run_03354
run_03355
run_03356
run_03357
run_03358
run_03359
run_03360
run_03361
run_03362
run_03363
run_03364
run_03365
run_03366
run_03367
run_03368
run_03369
run_03370
run_03371
run_03372
run_03373
run_03374
run_03375
run_03376
run_03377
run_03378
run_03379
run_03380
run_03381
run_03382
run_03383
run_03384
run_03385
run_03386
run_03387
run_03388
run_03389
run_03390
run_03391
run_03392
run_03393
run_03394
run_03395
run_03396
run_03397
run_03398
run_03399
run_03400
run_03401
run_03402
run_03403
run_03404
run_03405
run_03406
run_03407
run_03408
run_03409
run_03410
run_03411
run_03412
run_03413
run_03414
run_03415
run_03416
run_03417
run_03418
run_03419
run_03420
run_03421
run_03422
run_03423
run_03424
run_03425
run_03426
run_03427
run_03428
run_03429
run_03430
run_03431
run_03432
run_03433
run_03434
run_03435
run_03436
run_03437
run_03438
run_03439
run_03440
run_03441
run_03442
run_03443
run_03444
run_03445
run_03446
run_03447
run_03448
run_03449
run_03450
run_03451
run_03452
run_03453
run_03454
run_03455
run_03456
run_03457
run_03458
run_03459
run_03460
run_03461
run_03462
run_03463
run_03464
run_03465
run_03466
run_03467
run_03468
run_03469
run_03470
run_03471
run_03472
run_03473
run_03474
run_03475
run_03476
run_03477
run_03478
run_03479
run_03480
run_03481
run_03482
run_03483
run_03484
run_03485
run_03486
run_03487
run_03488
run_03489
run_03490
run_03491
run_03492
run_03493
run_03494
run_03495
run_03496
run_03497
run_03498
run_03499
run_03500
run_03501
run_03502
run_03503
run_03504
run_03505
run_03506
run_03507
run_03508
run_03509
run_03510
run_03511
run_03512
run_03513
run_03514
run_03515
run_03516
run_03517
run_03518
run_03519
run_03520
run_03521
run_03522
run_03523
run_03524
run_03525
run_03526
run_03527
run_03528
run_03529
run_03530
run_03531
run_03532
run_03533
run_03534
run_03535
run_03536
run_03537
run_03538
run_03539
run_03540
run_03541
run_03542
run_03543
run_03544
run_03545
run_03546
run_03547
run_03548
run_03549
run_03550
run_03551
run_03552
run_03553
run_03554
run_03555
run_03556
run_03557
run_03558
run_03559
run_03560
run_03561
run_03562
run_03563
run_03564
run_03565
run_03566
run_03567
run_03568
run_03569
run_03570
run_03571
run_03572
run_03573
run_03574
run_03575
run_03576
run_03577
run_03578
run_03579
run_03580
run_03581
run_03582
run_03583
run_03584
run_03585
run_03586
run_03587
run_03588
run_03589
run_03590
run_03591
run_03592
run_03593
run_03594
run_03595
run_03596
run_03597
run_03598
run_03599
run_03600
run_03601
run_03602
run_03603
run_03604
run_03605
run_03606
run_03607
run_03608
run_03609
run_03610
run_03611
run_03612
run_03613
run_03614
run_03615
run_03616
run_03617
run_03618
run_03619
run_03620
run_03621
run_03622
run_03623
run_03624
run_03625
run_03626
run_03627
run_03628
run_03629
run_03630
run_03631
run_03632
run_03633
run_03634
run_03635
run_03636
run_03637
run_03638
run_03639
run_03640
run_03641
run_03642
run_03643
run_03644
run_03645
run_03646
run_03647
run_03648
run_03649
run_03650
run_03651
run_03652
run_03653
run_03654
run_03655
run_03656
run_03657
run_03658
run_03659
run_03660
run_03661
run_03662
run_03663
run_03664
run_03665
run_03666
run_03667
run_03668
run_03669
run_03670
run_03671
run_03672
run_03673
run_03674
run_03675
run_03676
run_03677
run_03678
run_03679
run_03680
run_03681
run_03682
run_03683
run_03684
run_03685
run_03686
run_03687
run_03688
run_03689
run_03690
run_03691
run_03692
run_03693
run_03694
run_03695
run_03696
run_03697
run_03698
run_03699
run_03700
run_03701
run_03702
run_03703
run_03704
run_03705
run_03706
run_03707
run_03708
run_03709
run_03710
run_03711
run_03712
run_03713
run_03714
run_03715
run_03716
run_03717
run_03718
run_03719
run_03720
run_03721
run_03722
run_03723
run_03724
run_03725
run_03726
run_03727
run_03728
run_03729
run_03730
run_03731
run_03732
run_03733
run_03734
run_03735
run_03736
run_03737
run_03738
run_03739
run_03740
run_03741
run_03742
run_03743
run_03744
run_03745
run_03746
run_03747
run_03748
run_03749
run_03750
run_03751
run_03752
run_03753
run_03754
run_03755
run_03756
run_03757
run_03758
run_03759
run_03760
run_03761
run_03762
run_03763
run_03764
run_03765
run_03766
run_03767
run_03768
run_03769
run_03770
run_03771
run_03772
run_03773
run_03774
run_03775
run_03776
run_03777
run_03778
run_03779
run_03780
run_03781
run_03782
run_03783
run_03784
run_03785
run_03786
run_03787
run_03788
run_03789
run_03790
run_03791
run_03792
run_03793
run_03794
run_03795
run_03796
run_03797
run_03798
run_03799
run_03800
run_03801
run_03802
run_03803
run_03804
run_03805
run_03806
run_03807
run_03808
run_03809
run_03810
run_03811
run_03812
run_03813
run_03814
run_03815
run_03816
run_03817
run_03818
run_03819
run_03820
run_03821
run_03822
run_03823
run_03824
run_03825
run_03826
run_03827
run_03828
run_03829
run_03830
run_03831
run_03832
run_03833
run_03834
run_03835
run_03836
run_03837
run_03838
run_03839
run_03840
run_03841
run_03842
run_03843
run_03844
run_03845
run_03846
run_03847
run_03848
run_03849
run_03850
run_03851
run_03852
run_03853
run_03854
run_03855
run_03856
run_03857
run_03858
run_03859
run_03860
run_03861
run_03862
run_03863
run_03864
run_03865
run_03866
run_03867
run_03868
run_03869
run_03870
run_03871
run_03872
run_03873
run_03874
run_03875
run_03876
run_03877
run_03878
run_03879
run_03880
run_03881
run_03882
run_03883
run_03884
run_03885
run_03886
run_03887
run_03888
run_03889
run_03890
run_03891
run_03892
run_03893
run_03894
run_03895
run_03896
run_03897
run_03898
run_03899
run_03900
run_03901
run_03902
run_03903
run_03904
run_03905
run_03906
run_03907
run_03908
run_03909
run_03910
run_03911
run_03912
run_03913
run_03914
run_03915
run_03916
run_03917
run_03918
run_03919
run_03920
run_03921
run_03922
run_03923
run_03924
run_03925
run_03926
run_03927
run_03928
run_03929
run_03930
run_03931
run_03932
run_03933
run_03934
run_03935
run_03936
run_03937
run_03938
run_03939
run_03940
run_03941
run_03942
run_03943
run_03944
run_03945
run_03946
run_03947
run_03948
run_03949
run_03950
run_03951
run_03952
run_03953
run_03954
run_03955
run_03956
run_03957
run_03958
run_03959
run_03960
run_03961
run_03962
run_03963
run_03964
run_03965
run_03966
run_03967
run_03968
run_03969
run_03970
run_03971
run_03972
run_03973
run_03974
run_03975
run_03976
run_03977
run_03978
run_03979
run_03980
run_03981
run_03982
run_03983
run_03984
run_03985
run_03986
run_03987
run_03988
run_03989
run_03990
run_03991
run_03992
run_03993
run_03994
run_03995
run_03996
run_03997
run_03998
run_03999
run_04000
run_04001
run_04002
run_04003
run_04004
run_04005
run_04006
run_04007
run_04008
run_04009
run_04010
run_04011
run_04012
run_04013
run_04014
run_04015
run_04016
run_04017
run_04018
run_04019
run_04020
run_04021
run_04022
run_04023
run_04024
run_04025
run_04026
run_04027
run_04028
run_04029
run_04030
run_04031
run_04032
run_04033
run_04034
run_04035
run_04036
run_04037
run_04038
run_04039
run_04040
run_04041
run_04042
run_04043
run_04044
run_04045
run_04046
run_04047
run_04048
run_04049
run_04050
run_04051
run_04052
run_04053
run_04054
run_04055
run_04056
run_04057
run_04058
run_04059
run_04060
run_04061
run_04062
run_04063
run_04064
run_04065
run_04066
run_04067
run_04068
run_04069
run_04070
run_04071
run_04072
run_04073
run_04074
run_04075
run_04076
run_04077
run_04078
run_04079
run_04080
run_04081
run_04082
run_04083
run_04084
run_04085
run_04086
run_04087
run_04088
run_04089
run_04090
run_04091
run_04092
run_04093
run_04094
run_04095
run_04096
run_04097
run_04098
run_04099
run_04100
run_04101
run_04102
run_04103
run_04104
run_04105
run_04106
run_04107
run_04108
run_04109
run_04110
run_04111
run_04112
run_04113
run_04114
run_04115
run_04116
run_04117
run_04118
run_04119
run_04120
run_04121
run_04122
run_04123
run_04124
run_04125
run_04126
run_04127
run_04128
run_04129
run_04130
run_04131
run_04132
run_04133
run_04134
run_04135
run_04136
run_04137
run_04138
run_04139
run_04140
run_04141
run_04142
run_04143
run_04144
run_04145
run_04146
run_04147
run_04148
run_04149
run_04150
run_04151
run_04152
run_04153
run_04154
run_04155
run_04156
run_04157
run_04158
run_04159
run_04160
run_04161
run_04162
run_04163
run_04164
run_04165
run_04166
run_04167
run_04168
run_04169
run_04170
run_04171
run_04172
run_04173
run_04174
run_04175
run_04176
run_04177
run_04178
run_04179
run_04180
run_04181
run_04182
run_04183
run_04184
run_04185
run_04186
run_04187
run_04188
run_04189
run_04190
run_04191
run_04192
run_04193
run_04194
run_04195
run_04196
run_04197
run_04198
run_04199
run_04200
run_04201
run_04202
run_04203
run_04204
run_04205
run_04206
run_04207
run_04208
run_04209
run_04210
run_04211
run_04212
run_04213
run_04214
run_04215
run_04216
run_04217
run_04218
run_04219
run_04220
run_04221
run_04222
run_04223
run_04224
run_04225
run_04226
run_04227
run_04228
run_04229
run_04230
run_04231
run_04232
run_04233
run_04234
run_04235
run_04236
run_04237
run_04238
run_04239
run_04240
run_04241
run_04242
run_04243
run_04244
run_04245
run_04246
run_04247
run_04248
run_04249
run_04250
run_04251
run_04252
run_04253
run_04254
run_04255
run_04256
run_04257
run_04258
run_04259
run_04260
run_04261
run_04262
run_04263
run_04264
run_04265
run_04266
run_04267
run_04268
run_04269
run_04270
run_04271
run_04272
run_04273
run_04274
run_04275
run_04276
run_04277
run_04278
run_04279
run_04280
run_04281
run_04282
run_04283
run_04284
run_04285
run_04286
run_04287
run_04288
run_04289
run_04290
run_04291
run_04292
run_04293
run_04294
run_04295
run_04296
run_04297
run_04298
run_04299
run_04300
run_04301
run_04302
run_04303
run_04304
run_04305
run_04306
run_04307
run_04308
run_04309
run_04310
run_04311
run_04312
run_04313
run_04314
run_04315
run_04316
run_04317
run_04318
run_04319
run_04320
run_04321
run_04322
run_04323
run_04324
run_04325
run_04326
run_04327
run_04328
run_04329
run_04330
run_04331
run_04332
run_04333
run_04334
run_04335
run_04336
run_04337
run_04338
run_04339
run_04340
run_04341
run_04342
run_04343
run_04344
run_04345
run_04346
run_04347
run_04348
run_04349
run_04350
run_04351
run_04352
run_04353
run_04354
run_04355
run_04356
run_04357
run_04358
run_04359
run_04360
run_04361
run_04362
run_04363
run_04364
run_04365
run_04366
run_04367
run_04368
run_04369
run_04370
run_04371
run_04372
run_04373
run_04374
run_04375
run_04376
run_04377
run_04378
run_04379
run_04380
run_04381
run_04382
run_04383
run_04384
run_04385
run_04386
run_04387
run_04388
run_04389
run_04390
run_04391
run_04392
run_04393
run_04394
run_04395
run_04396
run_04397
run_04398
run_04399
run_04400
run_04401
run_04402
run_04403
run_04404
run_04405
run_04406
run_04407
run_04408
run_04409
run_04410
run_04411
run_04412
run_04413
run_04414
run_04415
run_04416
run_04417
run_04418
run_04419
run_04420
run_04421
run_04422
run_04423
run_04424
run_04425
run_04426
run_04427
run_04428
run_04429
run_04430
run_04431
run_04432
run_04433
run_04434
run_04435
run_04436
run_04437
run_04438
run_04439
run_04440
run_04441
run_04442
run_04443
run_04444
run_04445
run_04446
run_04447
run_04448
run_04449
run_04450
run_04451
run_04452
run_04453
run_04454
run_04455
run_04456
run_04457
run_04458
run_04459
run_04460
run_04461
run_04462
run_04463
run_04464
run_04465
run_04466
run_04467
run_04468
run_04469
run_04470
run_04471
run_04472
run_04473
run_04474
run_04475
run_04476
run_04477
run_04478
run_04479
run_04480
run_04481
run_04482
run_04483
run_04484
run_04485
run_04486
run_04487
run_04488
run_04489
run_04490
run_04491
run_04492
run_04493
run_04494
run_04495
run_04496
run_04497
run_04498
run_04499
run_04500
run_04501
run_04502
run_04503
run_04504
run_04505
run_04506
run_04507
run_04508
run_04509
run_04510
run_04511
run_04512
run_04513
run_04514
run_04515
run_04516
run_04517
run_04518
run_04519
run_04520
run_04521
run_04522
run_04523
run_04524
run_04525
run_04526
run_04527
run_04528
run_04529
run_04530
run_04531
run_04532
run_04533
run_04534
run_04535
run_04536
run_04537
run_04538
run_04539
run_04540
run_04541
run_04542
run_04543
run_04544
run_04545
run_04546
run_04547
run_04548
run_04549
run_04550
run_04551
run_04552
run_04553
run_04554
run_04555
run_04556
run_04557
run_04558
run_04559
run_04560
run_04561
run_04562
run_04563
run_04564
run_04565
run_04566
run_04567
run_04568
run_04569
run_04570
run_04571
run_04572
run_04573
run_04574
run_04575
run_04576
run_04577
run_04578
run_04579
run_04580
run_04581
run_04582
run_04583
run_04584
run_04585
run_04586
run_04587
run_04588
run_04589
run_04590
run_04591
run_04592
run_04593
run_04594
run_04595
run_04596
run_04597
run_04598
run_04599
run_04600
run_04601
run_04602
run_04603
run_04604
run_04605
run_04606
run_04607
run_04608
run_04609
run_04610
run_04611
run_04612
run_04613
run_04614
run_04615
run_04616
run_04617
run_04618
run_04619
run_04620
run_04621
run_04622
run_04623
run_04624
run_04625
run_04626
run_04627
run_04628
run_04629
run_04630
run_04631
run_04632
run_04633
run_04634
run_04635
run_04636
run_04637
run_04638
run_04639
run_04640
run_04641
run_04642
run_04643
run_04644
run_04645
run_04646
run_04647
run_04648
run_04649
run_04650
run_04651
run_04652
run_04653
run_04654
run_04655
run_04656
run_04657
run_04658
run_04659
run_04660
run_04661
run_04662
run_04663
run_04664
run_04665
run_04666
run_04667
run_04668
run_04669
run_04670
run_04671
run_04672
run_04673
run_04674
run_04675
run_04676
run_04677
run_04678
run_04679
run_04680
run_04681
run_04682
run_04683
run_04684
run_04685
run_04686
run_04687
run_04688
run_04689
run_04690
run_04691
run_04692
run_04693
run_04694
run_04695
run_04696
run_04697
run_04698
run_04699
run_04700
run_04701
run_04702
run_04703
run_04704
run_04705
run_04706
run_04707
run_04708
run_04709
run_04710
run_04711
run_04712
run_04713
run_04714
run_04715
run_04716
run_04717
run_04718
run_04719
run_04720
run_04721
run_04722
run_04723
run_04724
run_04725
run_04726
run_04727
run_04728
run_04729
run_04730
run_04731
run_04732
run_04733
run_04734
run_04735
run_04736
run_04737
run_04738
run_04739
run_04740
run_04741
run_04742
run_04743
run_04744
run_04745
run_04746
run_04747
run_04748
run_04749
run_04750
run_04751
run_04752
run_04753
run_04754
run_04755
run_04756
run_04757
run_04758
run_04759
run_04760
run_04761
run_04762
run_04763
run_04764
run_04765
run_04766
run_04767
run_04768
run_04769
run_04770
run_04771
run_04772
run_04773
run_04774
run_04775
run_04776
run_04777
run_04778
run_04779
run_04780
run_04781
run_04782
run_04783
run_04784
run_04785
run_04786
run_04787
run_04788
run_04789
run_04790
run_04791
run_04792
run_04793
run_04794
run_04795
run_04796
run_04797
run_04798
run_04799
run_04800
run_04801
run_04802
run_04803
run_04804
run_04805
run_04806
run_04807
run_04808
run_04809
run_04810
run_04811
run_04812
run_04813
run_04814
run_04815
run_04816
run_04817
run_04818
run_04819
run_04820
run_04821
run_04822
run_04823
run_04824
run_04825
run_04826
run_04827
run_04828
run_04829
run_04830
run_04831
run_04832
run_04833
run_04834
run_04835
run_04836
run_04837
run_04838
run_04839
run_04840
run_04841
run_04842
run_04843
run_04844
run_04845
run_04846
run_04847
run_04848
run_04849
run_04850
run_04851
run_04852
run_04853
run_04854
run_04855
run_04856
run_04857
run_04858
run_04859
run_04860
run_04861
run_04862
run_04863
run_04864
run_04865
run_04866
run_04867
run_04868
run_04869
run_04870
run_04871
run_04872
run_04873
run_04874
run_04875
run_04876
run_04877
run_04878
run_04879
run_04880
run_04881
run_04882
run_04883
run_04884
run_04885
run_04886
run_04887
run_04888
run_04889
run_04890
run_04891
run_04892
run_04893
run_04894
run_04895
run_04896
run_04897
run_04898
run_04899
run_04900
run_04901
run_04902
run_04903
run_04904
run_04905
run_04906
run_04907
run_04908
run_04909
run_04910
run_04911
run_04912
run_04913
run_04914
run_04915
run_04916
run_04917
run_04918
run_04919
run_04920
run_04921
run_04922
run_04923
run_04924
run_04925
run_04926
run_04927
run_04928
run_04929
run_04930
run_04931
run_04932
run_04933
run_04934
run_04935
run_04936
run_04937
run_04938
run_04939
run_04940
run_04941
run_04942
run_04943
run_04944
run_04945
run_04946
run_04947
run_04948
run_04949
run_04950
run_04951
run_04952
run_04953
run_04954
run_04955
run_04956
run_04957
run_04958
run_04959
run_04960
run_04961
run_04962
run_04963
run_04964
run_04965
run_04966
run_04967
run_04968
run_04969
run_04970
run_04971
run_04972
run_04973
run_04974
run_04975
run_04976
run_04977
run_04978
run_04979
run_04980
run_04981
run_04982
run_04983
run_04984
run_04985
run_04986
run_04987
run_04988
run_04989
run_04990
run_04991
run_04992
run_04993
run_04994
run_04995
run_04996
run_04997
run_04998
run_04999
run_05000
run_05001
run_05002
run_05003
run_05004
run_05005
run_05006
run_05007
run_05008
run_05009
run_05010
run_05011
run_05012
run_05013
run_05014
run_05015
run_05016
run_05017
run_05018
run_05019
run_05020
run_05021
run_05022
run_05023
run_05024
run_05025
run_05026
run_05027
run_05028
run_05029
run_05030
run_05031
run_05032
run_05033
run_05034
run_05035
run_05036
run_05037
run_05038
run_05039
run_05040
run_05041
run_05042
run_05043
run_05044
run_05045
run_05046
run_05047
run_05048
run_05049
run_05050
run_05051
run_05052
run_05053
run_05054
run_05055
run_05056
run_05057
run_05058
run_05059
run_05060
run_05061
run_05062
run_05063
run_05064
run_05065
run_05066
run_05067
run_05068
run_05069
run_05070
run_05071
run_05072
run_05073
run_05074
run_05075
run_05076
run_05077
run_05078
run_05079
run_05080
run_05081
run_05082
run_05083
run_05084
run_05085
run_05086
run_05087
run_05088
run_best_02262
cp: cannot stat ‘running_pfac150_pop100_seed0/run_02262’: No such file or directory
Generation 45
Generations without improvement: 0 (0.00)
Used probs: 0.300000, 0.450000, 0.450000, 0.000000, 0.000000, 0.000000, 0.000000
Best colony has index 0 and fitness value of 0.110286
Expression: 0 	((0.097*2.0)*(((I02)*(0.205))+((I02)-(((((0.205)-(2.0)))+(((0.430)-(0.430))))))))
Expression: 1 	((((((((I02)+(0.205)))+(((0.089)+(0.430)))))-(0.430))*((I02)*(2.0)))-(((2.0)-(((-1.0)-(0.097))))-((((I02)-(((0.205)-(-1.0)))))-(1.0))))
Expression: 2 	((I02-I01)-(I02+0.205))
Expression: 3 	((I02*0.089)+(0.430+((I02)+(((0.430)-(((-0.15)*(I01))))))))
Expression: 4 	((2.0*((I02)+(((((I02)+(1.0)))*(I02)))))+(I02-I02))
Expression: 5 	((I01-((((((0.089)+(0.205)))*(((1.0)+(0.205)))))*(I02)))*(((2.0)*(((((1.0)*(I01)))+(((-1.0)+(I01))))))+((0.097)-(((((I02)+(-0.15)))-(((-1.0)-(0.089))))))))
Stats of entire population
Fitness value sum: 	196.066683668633
Fitness value mean: 	1.96066683668633
Fitness value std: 	2.43087605230132
Number of NaN values: 	0
Best colony run ID: 02262
Unique Pareto front colonies: 100


Generation 46
Generations without improvement: 1 (0.02)
Used probs: 0.300000, 0.450000, 0.450000, 0.000000, 0.000000, 0.000000, 0.000000
Best colony has index 0 and fitness value of 0.110286
Expression: 0 	((0.097*2.0)*(((I02)*(0.205))+((I02)-(((((0.205)-(2.0)))+(((0.430)-(0.430))))))))
Expression: 1 	((((((((I02)+(0.205)))+(((0.089)+(0.430)))))-(0.430))*((I02)*(2.0)))-(((2.0)-(((-1.0)-(0.097))))-((((I02)-(((0.205)-(-1.0)))))-(1.0))))
Expression: 2 	((I02-I01)-(I02+0.205))
Expression: 3 	((I02*0.089)+(0.430+((I02)+(((0.430)-(((-0.15)*(I01))))))))
Expression: 4 	((2.0*((I02)+(((((I02)+(1.0)))*(I02)))))+(I02-I02))
Expression: 5 	((I01-((((((0.089)+(0.205)))*(((1.0)+(0.205)))))*(I02)))*(((2.0)*(((((1.0)*(I01)))+(((-1.0)+(I01))))))+((0.097)-(((((I02)+(-0.15)))-(((-1.0)-(0.089))))))))
Stats of entire population
Fitness value sum: 	204.39792470072152
Fitness value mean: 	2.0439792470072153
Fitness value std: 	2.4645993270736697
Number of NaN values: 	0
Best colony run ID: 02262
Unique Pareto front colonies: 100


Generation 47
Generations without improvement: 2 (0.04)
Used probs: 0.300000, 0.450000, 0.450000, 0.000000, 0.000000, 0.000000, 0.000000
Best colony has index 0 and fitness value of 0.110286
Expression: 0 	((0.097*2.0)*(((I02)*(0.205))+((I02)-(((((0.205)-(2.0)))+(((0.430)-(0.430))))))))
Expression: 1 	((((((((I02)+(0.205)))+(((0.089)+(0.430)))))-(0.430))*((I02)*(2.0)))-(((2.0)-(((-1.0)-(0.097))))-((((I02)-(((0.205)-(-1.0)))))-(1.0))))
Expression: 2 	((I02-I01)-(I02+0.205))
Expression: 3 	((I02*0.089)+(0.430+((I02)+(((0.430)-(((-0.15)*(I01))))))))
Expression: 4 	((2.0*((I02)+(((((I02)+(1.0)))*(I02)))))+(I02-I02))
Expression: 5 	((I01-((((((0.089)+(0.205)))*(((1.0)+(0.205)))))*(I02)))*(((2.0)*(((((1.0)*(I01)))+(((-1.0)+(I01))))))+((0.097)-(((((I02)+(-0.15)))-(((-1.0)-(0.089))))))))
Stats of entire population
Fitness value sum: 	207.06269310118904
Fitness value mean: 	2.0706269310118905
Fitness value std: 	2.4662520116575464
Number of NaN values: 	0
Best colony run ID: 02262
Unique Pareto front colonies: 100


Generation 48
Generations without improvement: 3 (0.05)
Used probs: 0.300000, 0.450000, 0.450000, 0.000000, 0.000000, 0.000000, 0.000000
Best colony has index 0 and fitness value of 0.110286
Expression: 0 	((0.097*2.0)*(((I02)*(0.205))+((I02)-(((((0.205)-(2.0)))+(((0.430)-(0.430))))))))
Expression: 1 	((((((((I02)+(0.205)))+(((0.089)+(0.430)))))-(0.430))*((I02)*(2.0)))-(((2.0)-(((-1.0)-(0.097))))-((((I02)-(((0.205)-(-1.0)))))-(1.0))))
Expression: 2 	((I02-I01)-(I02+0.205))
Expression: 3 	((I02*0.089)+(0.430+((I02)+(((0.430)-(((-0.15)*(I01))))))))
Expression: 4 	((2.0*((I02)+(((((I02)+(1.0)))*(I02)))))+(I02-I02))
Expression: 5 	((I01-((((((0.089)+(0.205)))*(((1.0)+(0.205)))))*(I02)))*(((2.0)*(((((1.0)*(I01)))+(((-1.0)+(I01))))))+((0.097)-(((((I02)+(-0.15)))-(((-1.0)-(0.089))))))))
Stats of entire population
Fitness value sum: 	204.2119199682191
Fitness value mean: 	2.042119199682191
Fitness value std: 	2.472283366572066
Number of NaN values: 	0
Best colony run ID: 02262
Unique Pareto front colonies: 100


Generation 49
Generations without improvement: 4 (0.07)
Used probs: 0.300000, 0.450000, 0.450000, 0.000000, 0.000000, 0.000000, 0.000000
Best colony has index 0 and fitness value of 0.110286
Expression: 0 	((0.097*2.0)*(((I02)*(0.205))+((I02)-(((((0.205)-(2.0)))+(((0.430)-(0.430))))))))
Expression: 1 	((((((((I02)+(0.205)))+(((0.089)+(0.430)))))-(0.430))*((I02)*(2.0)))-(((2.0)-(((-1.0)-(0.097))))-((((I02)-(((0.205)-(-1.0)))))-(1.0))))
Expression: 2 	((I02-I01)-(I02+0.205))
Expression: 3 	((I02*0.089)+(0.430+((I02)+(((0.430)-(((-0.15)*(I01))))))))
Expression: 4 	((2.0*((I02)+(((((I02)+(1.0)))*(I02)))))+(I02-I02))
Expression: 5 	((I01-((((((0.089)+(0.205)))*(((1.0)+(0.205)))))*(I02)))*(((2.0)*(((((1.0)*(I01)))+(((-1.0)+(I01))))))+((0.097)-(((((I02)+(-0.15)))-(((-1.0)-(0.089))))))))
Stats of entire population
Fitness value sum: 	203.45250050855736
Fitness value mean: 	2.0345250050855737
Fitness value std: 	2.4724695570069697
Number of NaN values: 	0
Best colony run ID: 02262
Unique Pareto front colonies: 100


Generation 50
Generations without improvement: 5 (0.09)
Used probs: 0.300000, 0.450000, 0.450000, 0.000000, 0.000000, 0.000000, 0.000000
Best colony has index 0 and fitness value of 0.110286
Expression: 0 	((0.097*2.0)*(((I02)*(0.205))+((I02)-(((((0.205)-(2.0)))+(((0.430)-(0.430))))))))
Expression: 1 	((((((((I02)+(0.205)))+(((0.089)+(0.430)))))-(0.430))*((I02)*(2.0)))-(((2.0)-(((-1.0)-(0.097))))-((((I02)-(((0.205)-(-1.0)))))-(1.0))))
Expression: 2 	((I02-I01)-(I02+0.205))
Expression: 3 	((I02*0.089)+(0.430+((I02)+(((0.430)-(((-0.15)*(I01))))))))
Expression: 4 	((2.0*((I02)+(((((I02)+(1.0)))*(I02)))))+(I02-I02))
Expression: 5 	((I01-((((((0.089)+(0.205)))*(((1.0)+(0.205)))))*(I02)))*(((2.0)*(((((1.0)*(I01)))+(((-1.0)+(I01))))))+((0.097)-(((((I02)+(-0.15)))-(((-1.0)-(0.089))))))))
Stats of entire population
Fitness value sum: 	301.50000581386985
Fitness value mean: 	3.0150000581386984
Fitness value std: 	12.680436419959245
Number of NaN values: 	0
Best colony run ID: 02262
Unique Pareto front colonies: 91


Generation 51
Generations without improvement: 6 (0.11)
Used probs: 0.300000, 0.450000, 0.450000, 0.000000, 0.000000, 0.000000, 0.000000
Best colony has index 0 and fitness value of 0.110286
Expression: 0 	((0.097*2.0)*(((I02)*(0.205))+((I02)-(((((0.205)-(2.0)))+(((0.430)-(0.430))))))))
Expression: 1 	((((((((I02)+(0.205)))+(((0.089)+(0.430)))))-(0.430))*((I02)*(2.0)))-(((2.0)-(((-1.0)-(0.097))))-((((I02)-(((0.205)-(-1.0)))))-(1.0))))
Expression: 2 	((I02-I01)-(I02+0.205))
Expression: 3 	((I02*0.089)+(0.430+((I02)+(((0.430)-(((-0.15)*(I01))))))))
Expression: 4 	((2.0*((I02)+(((((I02)+(1.0)))*(I02)))))+(I02-I02))
Expression: 5 	((I01-((((((0.089)+(0.205)))*(((1.0)+(0.205)))))*(I02)))*(((2.0)*(((((1.0)*(I01)))+(((-1.0)+(I01))))))+((0.097)-(((((I02)+(-0.15)))-(((-1.0)-(0.089))))))))
Stats of entire population
Fitness value sum: 	264.00412066684135
Fitness value mean: 	2.6400412066684136
Fitness value std: 	12.641664747641512
Number of NaN values: 	0
Best colony run ID: 02262
Unique Pareto front colonies: 100


Generation 52
Generations without improvement: 7 (0.13)
Used probs: 0.300000, 0.450000, 0.450000, 0.000000, 0.000000, 0.000000, 0.000000
Best colony has index 0 and fitness value of 0.110286
Expression: 0 	((0.097*2.0)*(((I02)*(0.205))+((I02)-(((((0.205)-(2.0)))+(((0.430)-(0.430))))))))
Expression: 1 	((((((((I02)+(0.205)))+(((0.089)+(0.430)))))-(0.430))*((I02)*(2.0)))-(((2.0)-(((-1.0)-(0.097))))-((((I02)-(((0.205)-(-1.0)))))-(1.0))))
Expression: 2 	((I02-I01)-(I02+0.205))
Expression: 3 	((I02*0.089)+(0.430+((I02)+(((0.430)-(((-0.15)*(I01))))))))
Expression: 4 	((2.0*((I02)+(((((I02)+(1.0)))*(I02)))))+(I02-I02))
Expression: 5 	((I01-((((((0.089)+(0.205)))*(((1.0)+(0.205)))))*(I02)))*(((2.0)*(((((1.0)*(I01)))+(((-1.0)+(I01))))))+((0.097)-(((((I02)+(-0.15)))-(((-1.0)-(0.089))))))))
Stats of entire population
Fitness value sum: 	257.36408164326093
Fitness value mean: 	2.5736408164326092
Fitness value std: 	12.637170250205731
Number of NaN values: 	0
Best colony run ID: 02262
Unique Pareto front colonies: 100


Generation 53
Generations without improvement: 8 (0.15)
Used probs: 0.300000, 0.450000, 0.450000, 0.000000, 0.000000, 0.000000, 0.000000
Best colony has index 0 and fitness value of 0.110286
Expression: 0 	((0.097*2.0)*(((I02)*(0.205))+((I02)-(((((0.205)-(2.0)))+(((0.430)-(0.430))))))))
Expression: 1 	((((((((I02)+(0.205)))+(((0.089)+(0.430)))))-(0.430))*((I02)*(2.0)))-(((2.0)-(((-1.0)-(0.097))))-((((I02)-(((0.205)-(-1.0)))))-(1.0))))
Expression: 2 	((I02-I01)-(I02+0.205))
Expression: 3 	((I02*0.089)+(0.430+((I02)+(((0.430)-(((-0.15)*(I01))))))))
Expression: 4 	((2.0*((I02)+(((((I02)+(1.0)))*(I02)))))+(I02-I02))
Expression: 5 	((I01-((((((0.089)+(0.205)))*(((1.0)+(0.205)))))*(I02)))*(((2.0)*(((((1.0)*(I01)))+(((-1.0)+(I01))))))+((0.097)-(((((I02)+(-0.15)))-(((-1.0)-(0.089))))))))
Stats of entire population
Fitness value sum: 	255.81892338590154
Fitness value mean: 	2.5581892338590153
Fitness value std: 	12.637287805713836
Number of NaN values: 	0
Best colony run ID: 02262
Unique Pareto front colonies: 100


Generation 54
Generations without improvement: 9 (0.16)
Used probs: 0.300000, 0.450000, 0.450000, 0.000000, 0.000000, 0.000000, 0.000000
Best colony has index 0 and fitness value of 0.110286
Expression: 0 	((0.097*2.0)*(((I02)*(0.205))+((I02)-(((((0.205)-(2.0)))+(((0.430)-(0.430))))))))
Expression: 1 	((((((((I02)+(0.205)))+(((0.089)+(0.430)))))-(0.430))*((I02)*(2.0)))-(((2.0)-(((-1.0)-(0.097))))-((((I02)-(((0.205)-(-1.0)))))-(1.0))))
Expression: 2 	((I02-I01)-(I02+0.205))
Expression: 3 	((I02*0.089)+(0.430+((I02)+(((0.430)-(((-0.15)*(I01))))))))
Expression: 4 	((2.0*((I02)+(((((I02)+(1.0)))*(I02)))))+(I02-I02))
Expression: 5 	((I01-((((((0.089)+(0.205)))*(((1.0)+(0.205)))))*(I02)))*(((2.0)*(((((1.0)*(I01)))+(((-1.0)+(I01))))))+((0.097)-(((((I02)+(-0.15)))-(((-1.0)-(0.089))))))))
Stats of entire population
Fitness value sum: 	251.10205787839388
Fitness value mean: 	2.511020578783939
Fitness value std: 	12.626628207299087
Number of NaN values: 	0
Best colony run ID: 02262
Unique Pareto front colonies: 100


Generation 55
Generations without improvement: 10 (0.18)
Used probs: 0.300000, 0.450000, 0.450000, 0.000000, 0.000000, 0.000000, 0.000000
Best colony has index 0 and fitness value of 0.110286
Expression: 0 	((0.097*2.0)*(((I02)*(0.205))+((I02)-(((((0.205)-(2.0)))+(((0.430)-(0.430))))))))
Expression: 1 	((((((((I02)+(0.205)))+(((0.089)+(0.430)))))-(0.430))*((I02)*(2.0)))-(((2.0)-(((-1.0)-(0.097))))-((((I02)-(((0.205)-(-1.0)))))-(1.0))))
Expression: 2 	((I02-I01)-(I02+0.205))
Expression: 3 	((I02*0.089)+(0.430+((I02)+(((0.430)-(((-0.15)*(I01))))))))
Expression: 4 	((2.0*((I02)+(((((I02)+(1.0)))*(I02)))))+(I02-I02))
Expression: 5 	((I01-((((((0.089)+(0.205)))*(((1.0)+(0.205)))))*(I02)))*(((2.0)*(((((1.0)*(I01)))+(((-1.0)+(I01))))))+((0.097)-(((((I02)+(-0.15)))-(((-1.0)-(0.089))))))))
Stats of entire population
Fitness value sum: 	253.1694266199382
Fitness value mean: 	2.531694266199382
Fitness value std: 	12.630157255911357
Number of NaN values: 	0
Best colony run ID: 02262
Unique Pareto front colonies: 100


Generation 56
Generations without improvement: 11 (0.20)
Used probs: 0.300000, 0.450000, 0.450000, 0.000000, 0.000000, 0.000000, 0.000000
Best colony has index 0 and fitness value of 0.110286
Expression: 0 	((0.097*2.0)*(((I02)*(0.205))+((I02)-(((((0.205)-(2.0)))+(((0.430)-(0.430))))))))
Expression: 1 	((((((((I02)+(0.205)))+(((0.089)+(0.430)))))-(0.430))*((I02)*(2.0)))-(((2.0)-(((-1.0)-(0.097))))-((((I02)-(((0.205)-(-1.0)))))-(1.0))))
Expression: 2 	((I02-I01)-(I02+0.205))
Expression: 3 	((I02*0.089)+(0.430+((I02)+(((0.430)-(((-0.15)*(I01))))))))
Expression: 4 	((2.0*((I02)+(((((I02)+(1.0)))*(I02)))))+(I02-I02))
Expression: 5 	((I01-((((((0.089)+(0.205)))*(((1.0)+(0.205)))))*(I02)))*(((2.0)*(((((1.0)*(I01)))+(((-1.0)+(I01))))))+((0.097)-(((((I02)+(-0.15)))-(((-1.0)-(0.089))))))))
Stats of entire population
Fitness value sum: 	250.6451655068022
Fitness value mean: 	2.506451655068022
Fitness value std: 	12.633416940450394
Number of NaN values: 	0
Best colony run ID: 02262
Unique Pareto front colonies: 100


Generation 57
Generations without improvement: 12 (0.22)
Used probs: 0.300000, 0.450000, 0.450000, 0.000000, 0.000000, 0.000000, 0.000000
Best colony has index 0 and fitness value of 0.110286
Expression: 0 	((0.097*2.0)*(((I02)*(0.205))+((I02)-(((((0.205)-(2.0)))+(((0.430)-(0.430))))))))
Expression: 1 	((((((((I02)+(0.205)))+(((0.089)+(0.430)))))-(0.430))*((I02)*(2.0)))-(((2.0)-(((-1.0)-(0.097))))-((((I02)-(((0.205)-(-1.0)))))-(1.0))))
Expression: 2 	((I02-I01)-(I02+0.205))
Expression: 3 	((I02*0.089)+(0.430+((I02)+(((0.430)-(((-0.15)*(I01))))))))
Expression: 4 	((2.0*((I02)+(((((I02)+(1.0)))*(I02)))))+(I02-I02))
Expression: 5 	((I01-((((((0.089)+(0.205)))*(((1.0)+(0.205)))))*(I02)))*(((2.0)*(((((1.0)*(I01)))+(((-1.0)+(I01))))))+((0.097)-(((((I02)+(-0.15)))-(((-1.0)-(0.089))))))))
Stats of entire population
Fitness value sum: 	245.02973201979026
Fitness value mean: 	2.450297320197903
Fitness value std: 	12.632788728068228
Number of NaN values: 	0
Best colony run ID: 02262
Unique Pareto front colonies: 100


Generation 58
Generations without improvement: 13 (0.24)
Used probs: 0.300000, 0.450000, 0.450000, 0.000000, 0.000000, 0.000000, 0.000000
Best colony has index 0 and fitness value of 0.110286
Expression: 0 	((0.097*2.0)*(((I02)*(0.205))+((I02)-(((((0.205)-(2.0)))+(((0.430)-(0.430))))))))
Expression: 1 	((((((((I02)+(0.205)))+(((0.089)+(0.430)))))-(0.430))*((I02)*(2.0)))-(((2.0)-(((-1.0)-(0.097))))-((((I02)-(((0.205)-(-1.0)))))-(1.0))))
Expression: 2 	((I02-I01)-(I02+0.205))
Expression: 3 	((I02*0.089)+(0.430+((I02)+(((0.430)-(((-0.15)*(I01))))))))
Expression: 4 	((2.0*((I02)+(((((I02)+(1.0)))*(I02)))))+(I02-I02))
Expression: 5 	((I01-((((((0.089)+(0.205)))*(((1.0)+(0.205)))))*(I02)))*(((2.0)*(((((1.0)*(I01)))+(((-1.0)+(I01))))))+((0.097)-(((((I02)+(-0.15)))-(((-1.0)-(0.089))))))))
Stats of entire population
Fitness value sum: 	245.8100127239876
Fitness value mean: 	2.458100127239876
Fitness value std: 	12.63183798594864
Number of NaN values: 	0
Best colony run ID: 02262
Unique Pareto front colonies: 100


Generation 59
Generations without improvement: 14 (0.25)
Used probs: 0.300000, 0.450000, 0.450000, 0.000000, 0.000000, 0.000000, 0.000000
Best colony has index 0 and fitness value of 0.110286
Expression: 0 	((0.097*2.0)*(((I02)*(0.205))+((I02)-(((((0.205)-(2.0)))+(((0.430)-(0.430))))))))
Expression: 1 	((((((((I02)+(0.205)))+(((0.089)+(0.430)))))-(0.430))*((I02)*(2.0)))-(((2.0)-(((-1.0)-(0.097))))-((((I02)-(((0.205)-(-1.0)))))-(1.0))))
Expression: 2 	((I02-I01)-(I02+0.205))
Expression: 3 	((I02*0.089)+(0.430+((I02)+(((0.430)-(((-0.15)*(I01))))))))
Expression: 4 	((2.0*((I02)+(((((I02)+(1.0)))*(I02)))))+(I02-I02))
Expression: 5 	((I01-((((((0.089)+(0.205)))*(((1.0)+(0.205)))))*(I02)))*(((2.0)*(((((1.0)*(I01)))+(((-1.0)+(I01))))))+((0.097)-(((((I02)+(-0.15)))-(((-1.0)-(0.089))))))))
Stats of entire population
Fitness value sum: 	244.72426276223464
Fitness value mean: 	2.4472426276223462
Fitness value std: 	12.631358691233176
Number of NaN values: 	0
Best colony run ID: 02262
Unique Pareto front colonies: 100


Generation 60
Generations without improvement: 15 (0.27)
Used probs: 0.300000, 0.450000, 0.450000, 0.000000, 0.000000, 0.000000, 0.000000
Best colony has index 0 and fitness value of 0.110286
Expression: 0 	((0.097*2.0)*(((I02)*(0.205))+((I02)-(((((0.205)-(2.0)))+(((0.430)-(0.430))))))))
Expression: 1 	((((((((I02)+(0.205)))+(((0.089)+(0.430)))))-(0.430))*((I02)*(2.0)))-(((2.0)-(((-1.0)-(0.097))))-((((I02)-(((0.205)-(-1.0)))))-(1.0))))
Expression: 2 	((I02-I01)-(I02+0.205))
Expression: 3 	((I02*0.089)+(0.430+((I02)+(((0.430)-(((-0.15)*(I01))))))))
Expression: 4 	((2.0*((I02)+(((((I02)+(1.0)))*(I02)))))+(I02-I02))
Expression: 5 	((I01-((((((0.089)+(0.205)))*(((1.0)+(0.205)))))*(I02)))*(((2.0)*(((((1.0)*(I01)))+(((-1.0)+(I01))))))+((0.097)-(((((I02)+(-0.15)))-(((-1.0)-(0.089))))))))
Stats of entire population
Fitness value sum: 	244.65978229001308
Fitness value mean: 	2.446597822900131
Fitness value std: 	12.631384575648799
Number of NaN values: 	0
Best colony run ID: 02262
Unique Pareto front colonies: 100


Generation 61
Generations without improvement: 16 (0.29)
Used probs: 0.300000, 0.450000, 0.450000, 0.000000, 0.000000, 0.000000, 0.000000
Best colony has index 0 and fitness value of 0.110286
Expression: 0 	((0.097*2.0)*(((I02)*(0.205))+((I02)-(((((0.205)-(2.0)))+(((0.430)-(0.430))))))))
Expression: 1 	((((((((I02)+(0.205)))+(((0.089)+(0.430)))))-(0.430))*((I02)*(2.0)))-(((2.0)-(((-1.0)-(0.097))))-((((I02)-(((0.205)-(-1.0)))))-(1.0))))
Expression: 2 	((I02-I01)-(I02+0.205))
Expression: 3 	((I02*0.089)+(0.430+((I02)+(((0.430)-(((-0.15)*(I01))))))))
Expression: 4 	((2.0*((I02)+(((((I02)+(1.0)))*(I02)))))+(I02-I02))
Expression: 5 	((I01-((((((0.089)+(0.205)))*(((1.0)+(0.205)))))*(I02)))*(((2.0)*(((((1.0)*(I01)))+(((-1.0)+(I01))))))+((0.097)-(((((I02)+(-0.15)))-(((-1.0)-(0.089))))))))
Stats of entire population
Fitness value sum: 	243.41016428547692
Fitness value mean: 	2.434101642854769
Fitness value std: 	12.633189858751027
Number of NaN values: 	0
Best colony run ID: 02262
Unique Pareto front colonies: 100


Generation 62
Generations without improvement: 17 (0.31)
Used probs: 0.310606, 0.458333, 0.458333, 0.000000, 0.000000, 0.000000, 0.000000
Best colony has index 0 and fitness value of 0.110286
Expression: 0 	((0.097*2.0)*(((I02)*(0.205))+((I02)-(((((0.205)-(2.0)))+(((0.430)-(0.430))))))))
Expression: 1 	((((((((I02)+(0.205)))+(((0.089)+(0.430)))))-(0.430))*((I02)*(2.0)))-(((2.0)-(((-1.0)-(0.097))))-((((I02)-(((0.205)-(-1.0)))))-(1.0))))
Expression: 2 	((I02-I01)-(I02+0.205))
Expression: 3 	((I02*0.089)+(0.430+((I02)+(((0.430)-(((-0.15)*(I01))))))))
Expression: 4 	((2.0*((I02)+(((((I02)+(1.0)))*(I02)))))+(I02-I02))
Expression: 5 	((I01-((((((0.089)+(0.205)))*(((1.0)+(0.205)))))*(I02)))*(((2.0)*(((((1.0)*(I01)))+(((-1.0)+(I01))))))+((0.097)-(((((I02)+(-0.15)))-(((-1.0)-(0.089))))))))
Stats of entire population
Fitness value sum: 	241.8452210617361
Fitness value mean: 	2.418452210617361
Fitness value std: 	12.634698868998852
Number of NaN values: 	0
Best colony run ID: 02262
Unique Pareto front colonies: 100


Generation 63
Generations without improvement: 18 (0.33)
Used probs: 0.331818, 0.475000, 0.475000, 0.000000, 0.000000, 0.000000, 0.000000
Best colony has index 0 and fitness value of 0.110286
Expression: 0 	((0.097*2.0)*(((I02)*(0.205))+((I02)-(((((0.205)-(2.0)))+(((0.430)-(0.430))))))))
Expression: 1 	((((((((I02)+(0.205)))+(((0.089)+(0.430)))))-(0.430))*((I02)*(2.0)))-(((2.0)-(((-1.0)-(0.097))))-((((I02)-(((0.205)-(-1.0)))))-(1.0))))
Expression: 2 	((I02-I01)-(I02+0.205))
Expression: 3 	((I02*0.089)+(0.430+((I02)+(((0.430)-(((-0.15)*(I01))))))))
Expression: 4 	((2.0*((I02)+(((((I02)+(1.0)))*(I02)))))+(I02-I02))
Expression: 5 	((I01-((((((0.089)+(0.205)))*(((1.0)+(0.205)))))*(I02)))*(((2.0)*(((((1.0)*(I01)))+(((-1.0)+(I01))))))+((0.097)-(((((I02)+(-0.15)))-(((-1.0)-(0.089))))))))
Stats of entire population
Fitness value sum: 	234.99744568870412
Fitness value mean: 	2.349974456887041
Fitness value std: 	12.632824961584992
Number of NaN values: 	0
Best colony run ID: 02262
Unique Pareto front colonies: 100


Generation 64
Generations without improvement: 19 (0.35)
Used probs: 0.353030, 0.491667, 0.491667, 0.000000, 0.000000, 0.000000, 0.000000
Best colony has index 0 and fitness value of 0.110286
Expression: 0 	((0.097*2.0)*(((I02)*(0.205))+((I02)-(((((0.205)-(2.0)))+(((0.430)-(0.430))))))))
Expression: 1 	((((((((I02)+(0.205)))+(((0.089)+(0.430)))))-(0.430))*((I02)*(2.0)))-(((2.0)-(((-1.0)-(0.097))))-((((I02)-(((0.205)-(-1.0)))))-(1.0))))
Expression: 2 	((I02-I01)-(I02+0.205))
Expression: 3 	((I02*0.089)+(0.430+((I02)+(((0.430)-(((-0.15)*(I01))))))))
Expression: 4 	((2.0*((I02)+(((((I02)+(1.0)))*(I02)))))+(I02-I02))
Expression: 5 	((I01-((((((0.089)+(0.205)))*(((1.0)+(0.205)))))*(I02)))*(((2.0)*(((((1.0)*(I01)))+(((-1.0)+(I01))))))+((0.097)-(((((I02)+(-0.15)))-(((-1.0)-(0.089))))))))
Stats of entire population
Fitness value sum: 	244.24250237415745
Fitness value mean: 	2.4424250237415746
Fitness value std: 	12.647801671378385
Number of NaN values: 	0
Best colony run ID: 02262
Unique Pareto front colonies: 100


Generation 65
Generations without improvement: 20 (0.36)
Used probs: 0.374242, 0.508333, 0.508333, 0.000000, 0.000000, 0.000000, 0.000000
Best colony has index 0 and fitness value of 0.110286
Expression: 0 	((0.097*2.0)*(((I02)*(0.205))+((I02)-(((((0.205)-(2.0)))+(((0.430)-(0.430))))))))
Expression: 1 	((((((((I02)+(0.205)))+(((0.089)+(0.430)))))-(0.430))*((I02)*(2.0)))-(((2.0)-(((-1.0)-(0.097))))-((((I02)-(((0.205)-(-1.0)))))-(1.0))))
Expression: 2 	((I02-I01)-(I02+0.205))
Expression: 3 	((I02*0.089)+(0.430+((I02)+(((0.430)-(((-0.15)*(I01))))))))
Expression: 4 	((2.0*((I02)+(((((I02)+(1.0)))*(I02)))))+(I02-I02))
Expression: 5 	((I01-((((((0.089)+(0.205)))*(((1.0)+(0.205)))))*(I02)))*(((2.0)*(((((1.0)*(I01)))+(((-1.0)+(I01))))))+((0.097)-(((((I02)+(-0.15)))-(((-1.0)-(0.089))))))))
Stats of entire population
Fitness value sum: 	243.24227702047884
Fitness value mean: 	2.4324227702047883
Fitness value std: 	12.64902059876975
Number of NaN values: 	0
Best colony run ID: 02262
Unique Pareto front colonies: 100


Generation 66
Generations without improvement: 21 (0.38)
Used probs: 0.395455, 0.525000, 0.525000, 0.000000, 0.000000, 0.000000, 0.000000
Best colony has index 0 and fitness value of 0.110286
Expression: 0 	((0.097*2.0)*(((I02)*(0.205))+((I02)-(((((0.205)-(2.0)))+(((0.430)-(0.430))))))))
Expression: 1 	((((((((I02)+(0.205)))+(((0.089)+(0.430)))))-(0.430))*((I02)*(2.0)))-(((2.0)-(((-1.0)-(0.097))))-((((I02)-(((0.205)-(-1.0)))))-(1.0))))
Expression: 2 	((I02-I01)-(I02+0.205))
Expression: 3 	((I02*0.089)+(0.430+((I02)+(((0.430)-(((-0.15)*(I01))))))))
Expression: 4 	((2.0*((I02)+(((((I02)+(1.0)))*(I02)))))+(I02-I02))
Expression: 5 	((I01-((((((0.089)+(0.205)))*(((1.0)+(0.205)))))*(I02)))*(((2.0)*(((((1.0)*(I01)))+(((-1.0)+(I01))))))+((0.097)-(((((I02)+(-0.15)))-(((-1.0)-(0.089))))))))
Stats of entire population
Fitness value sum: 	245.85826744283344
Fitness value mean: 	2.4585826744283343
Fitness value std: 	12.64547097380276
Number of NaN values: 	0
Best colony run ID: 02262
Unique Pareto front colonies: 100


Generation 67
Generations without improvement: 22 (0.40)
Used probs: 0.416667, 0.541667, 0.541667, 0.000000, 0.000000, 0.000000, 0.000000
Best colony has index 0 and fitness value of 0.110286
Expression: 0 	((0.097*2.0)*(((I02)*(0.205))+((I02)-(((((0.205)-(2.0)))+(((0.430)-(0.430))))))))
Expression: 1 	((((((((I02)+(0.205)))+(((0.089)+(0.430)))))-(0.430))*((I02)*(2.0)))-(((2.0)-(((-1.0)-(0.097))))-((((I02)-(((0.205)-(-1.0)))))-(1.0))))
Expression: 2 	((I02-I01)-(I02+0.205))
Expression: 3 	((I02*0.089)+(0.430+((I02)+(((0.430)-(((-0.15)*(I01))))))))
Expression: 4 	((2.0*((I02)+(((((I02)+(1.0)))*(I02)))))+(I02-I02))
Expression: 5 	((I01-((((((0.089)+(0.205)))*(((1.0)+(0.205)))))*(I02)))*(((2.0)*(((((1.0)*(I01)))+(((-1.0)+(I01))))))+((0.097)-(((((I02)+(-0.15)))-(((-1.0)-(0.089))))))))
Stats of entire population
Fitness value sum: 	249.75815593462988
Fitness value mean: 	2.497581559346299
Fitness value std: 	12.64828416706122
Number of NaN values: 	0
Best colony run ID: 02262
Unique Pareto front colonies: 100


Generation 68
Generations without improvement: 23 (0.42)
Used probs: 0.437879, 0.558333, 0.558333, 0.000000, 0.000000, 0.000000, 0.000000
Best colony has index 0 and fitness value of 0.110286
Expression: 0 	((0.097*2.0)*(((I02)*(0.205))+((I02)-(((((0.205)-(2.0)))+(((0.430)-(0.430))))))))
Expression: 1 	((((((((I02)+(0.205)))+(((0.089)+(0.430)))))-(0.430))*((I02)*(2.0)))-(((2.0)-(((-1.0)-(0.097))))-((((I02)-(((0.205)-(-1.0)))))-(1.0))))
Expression: 2 	((I02-I01)-(I02+0.205))
Expression: 3 	((I02*0.089)+(0.430+((I02)+(((0.430)-(((-0.15)*(I01))))))))
Expression: 4 	((2.0*((I02)+(((((I02)+(1.0)))*(I02)))))+(I02-I02))
Expression: 5 	((I01-((((((0.089)+(0.205)))*(((1.0)+(0.205)))))*(I02)))*(((2.0)*(((((1.0)*(I01)))+(((-1.0)+(I01))))))+((0.097)-(((((I02)+(-0.15)))-(((-1.0)-(0.089))))))))
Stats of entire population
Fitness value sum: 	243.61321898520742
Fitness value mean: 	2.4361321898520742
Fitness value std: 	12.63877264655405
Number of NaN values: 	0
Best colony run ID: 02262
Unique Pareto front colonies: 100


Generation 69
Generations without improvement: 24 (0.44)
Used probs: 0.459091, 0.575000, 0.575000, 0.000000, 0.000000, 0.000000, 0.000000
Best colony has index 0 and fitness value of 0.110286
Expression: 0 	((0.097*2.0)*(((I02)*(0.205))+((I02)-(((((0.205)-(2.0)))+(((0.430)-(0.430))))))))
Expression: 1 	((((((((I02)+(0.205)))+(((0.089)+(0.430)))))-(0.430))*((I02)*(2.0)))-(((2.0)-(((-1.0)-(0.097))))-((((I02)-(((0.205)-(-1.0)))))-(1.0))))
Expression: 2 	((I02-I01)-(I02+0.205))
Expression: 3 	((I02*0.089)+(0.430+((I02)+(((0.430)-(((-0.15)*(I01))))))))
Expression: 4 	((2.0*((I02)+(((((I02)+(1.0)))*(I02)))))+(I02-I02))
Expression: 5 	((I01-((((((0.089)+(0.205)))*(((1.0)+(0.205)))))*(I02)))*(((2.0)*(((((1.0)*(I01)))+(((-1.0)+(I01))))))+((0.097)-(((((I02)+(-0.15)))-(((-1.0)-(0.089))))))))
Stats of entire population
Fitness value sum: 	244.78823144121822
Fitness value mean: 	2.447882314412182
Fitness value std: 	12.637173566943815
Number of NaN values: 	0
Best colony run ID: 02262
Unique Pareto front colonies: 100


Generation 70
Generations without improvement: 25 (0.45)
Used probs: 0.480303, 0.591667, 0.591667, 0.000000, 0.000000, 0.000000, 0.000000
Best colony has index 0 and fitness value of 0.110286
Expression: 0 	((0.097*2.0)*(((I02)*(0.205))+((I02)-(((((0.205)-(2.0)))+(((0.430)-(0.430))))))))
Expression: 1 	((((((((I02)+(0.205)))+(((0.089)+(0.430)))))-(0.430))*((I02)*(2.0)))-(((2.0)-(((-1.0)-(0.097))))-((((I02)-(((0.205)-(-1.0)))))-(1.0))))
Expression: 2 	((I02-I01)-(I02+0.205))
Expression: 3 	((I02*0.089)+(0.430+((I02)+(((0.430)-(((-0.15)*(I01))))))))
Expression: 4 	((2.0*((I02)+(((((I02)+(1.0)))*(I02)))))+(I02-I02))
Expression: 5 	((I01-((((((0.089)+(0.205)))*(((1.0)+(0.205)))))*(I02)))*(((2.0)*(((((1.0)*(I01)))+(((-1.0)+(I01))))))+((0.097)-(((((I02)+(-0.15)))-(((-1.0)-(0.089))))))))
Stats of entire population
Fitness value sum: 	248.89944873254373
Fitness value mean: 	2.4889944873254373
Fitness value std: 	12.65417466305918
Number of NaN values: 	0
Best colony run ID: 02262
Unique Pareto front colonies: 100


Generation 71
Generations without improvement: 26 (0.47)
Used probs: 0.501515, 0.608333, 0.608333, 0.000000, 0.000000, 0.000000, 0.000000
Best colony has index 0 and fitness value of 0.110286
Expression: 0 	((0.097*2.0)*(((I02)*(0.205))+((I02)-(((((0.205)-(2.0)))+(((0.430)-(0.430))))))))
Expression: 1 	((((((((I02)+(0.205)))+(((0.089)+(0.430)))))-(0.430))*((I02)*(2.0)))-(((2.0)-(((-1.0)-(0.097))))-((((I02)-(((0.205)-(-1.0)))))-(1.0))))
Expression: 2 	((I02-I01)-(I02+0.205))
Expression: 3 	((I02*0.089)+(0.430+((I02)+(((0.430)-(((-0.15)*(I01))))))))
Expression: 4 	((2.0*((I02)+(((((I02)+(1.0)))*(I02)))))+(I02-I02))
Expression: 5 	((I01-((((((0.089)+(0.205)))*(((1.0)+(0.205)))))*(I02)))*(((2.0)*(((((1.0)*(I01)))+(((-1.0)+(I01))))))+((0.097)-(((((I02)+(-0.15)))-(((-1.0)-(0.089))))))))
Stats of entire population
Fitness value sum: 	248.24872599818875
Fitness value mean: 	2.4824872599818875
Fitness value std: 	12.652711681394393
Number of NaN values: 	0
Best colony run ID: 02262
Unique Pareto front colonies: 100


Generation 72
Generations without improvement: 27 (0.49)
Used probs: 0.522727, 0.625000, 0.625000, 0.000000, 0.000000, 0.000000, 0.000000
Best colony has index 0 and fitness value of 0.110286
Expression: 0 	((0.097*2.0)*(((I02)*(0.205))+((I02)-(((((0.205)-(2.0)))+(((0.430)-(0.430))))))))
Expression: 1 	((((((((I02)+(0.205)))+(((0.089)+(0.430)))))-(0.430))*((I02)*(2.0)))-(((2.0)-(((-1.0)-(0.097))))-((((I02)-(((0.205)-(-1.0)))))-(1.0))))
Expression: 2 	((I02-I01)-(I02+0.205))
Expression: 3 	((I02*0.089)+(0.430+((I02)+(((0.430)-(((-0.15)*(I01))))))))
Expression: 4 	((2.0*((I02)+(((((I02)+(1.0)))*(I02)))))+(I02-I02))
Expression: 5 	((I01-((((((0.089)+(0.205)))*(((1.0)+(0.205)))))*(I02)))*(((2.0)*(((((1.0)*(I01)))+(((-1.0)+(I01))))))+((0.097)-(((((I02)+(-0.15)))-(((-1.0)-(0.089))))))))
Stats of entire population
Fitness value sum: 	246.8987653766631
Fitness value mean: 	2.468987653766631
Fitness value std: 	12.654514506002945
Number of NaN values: 	0
Best colony run ID: 02262
Unique Pareto front colonies: 100


Generation 73
Generations without improvement: 28 (0.51)
Used probs: 0.543939, 0.641667, 0.641667, 0.000000, 0.000000, 0.000000, 0.000000
Best colony has index 0 and fitness value of 0.110286
Expression: 0 	((0.097*2.0)*(((I02)*(0.205))+((I02)-(((((0.205)-(2.0)))+(((0.430)-(0.430))))))))
Expression: 1 	((((((((I02)+(0.205)))+(((0.089)+(0.430)))))-(0.430))*((I02)*(2.0)))-(((2.0)-(((-1.0)-(0.097))))-((((I02)-(((0.205)-(-1.0)))))-(1.0))))
Expression: 2 	((I02-I01)-(I02+0.205))
Expression: 3 	((I02*0.089)+(0.430+((I02)+(((0.430)-(((-0.15)*(I01))))))))
Expression: 4 	((2.0*((I02)+(((((I02)+(1.0)))*(I02)))))+(I02-I02))
Expression: 5 	((I01-((((((0.089)+(0.205)))*(((1.0)+(0.205)))))*(I02)))*(((2.0)*(((((1.0)*(I01)))+(((-1.0)+(I01))))))+((0.097)-(((((I02)+(-0.15)))-(((-1.0)-(0.089))))))))
Stats of entire population
Fitness value sum: 	246.21076195411408
Fitness value mean: 	2.4621076195411407
Fitness value std: 	12.65559226761257
Number of NaN values: 	0
Best colony run ID: 02262
Unique Pareto front colonies: 100


Generation 74
Generations without improvement: 29 (0.53)
Used probs: 0.565152, 0.658333, 0.658333, 0.000000, 0.000000, 0.000000, 0.000000
Best colony has index 0 and fitness value of 0.110286
Expression: 0 	((0.097*2.0)*(((I02)*(0.205))+((I02)-(((((0.205)-(2.0)))+(((0.430)-(0.430))))))))
Expression: 1 	((((((((I02)+(0.205)))+(((0.089)+(0.430)))))-(0.430))*((I02)*(2.0)))-(((2.0)-(((-1.0)-(0.097))))-((((I02)-(((0.205)-(-1.0)))))-(1.0))))
Expression: 2 	((I02-I01)-(I02+0.205))
Expression: 3 	((I02*0.089)+(0.430+((I02)+(((0.430)-(((-0.15)*(I01))))))))
Expression: 4 	((2.0*((I02)+(((((I02)+(1.0)))*(I02)))))+(I02-I02))
Expression: 5 	((I01-((((((0.089)+(0.205)))*(((1.0)+(0.205)))))*(I02)))*(((2.0)*(((((1.0)*(I01)))+(((-1.0)+(I01))))))+((0.097)-(((((I02)+(-0.15)))-(((-1.0)-(0.089))))))))
Stats of entire population
Fitness value sum: 	241.3083437788197
Fitness value mean: 	2.413083437788197
Fitness value std: 	12.6533090443592
Number of NaN values: 	0
Best colony run ID: 02262
Unique Pareto front colonies: 100


Generation 75
Generations without improvement: 30 (0.55)
Used probs: 0.586364, 0.675000, 0.675000, 0.000000, 0.000000, 0.000000, 0.000000
Best colony has index 0 and fitness value of 0.110286
Expression: 0 	((0.097*2.0)*(((I02)*(0.205))+((I02)-(((((0.205)-(2.0)))+(((0.430)-(0.430))))))))
Expression: 1 	((((((((I02)+(0.205)))+(((0.089)+(0.430)))))-(0.430))*((I02)*(2.0)))-(((2.0)-(((-1.0)-(0.097))))-((((I02)-(((0.205)-(-1.0)))))-(1.0))))
Expression: 2 	((I02-I01)-(I02+0.205))
Expression: 3 	((I02*0.089)+(0.430+((I02)+(((0.430)-(((-0.15)*(I01))))))))
Expression: 4 	((2.0*((I02)+(((((I02)+(1.0)))*(I02)))))+(I02-I02))
Expression: 5 	((I01-((((((0.089)+(0.205)))*(((1.0)+(0.205)))))*(I02)))*(((2.0)*(((((1.0)*(I01)))+(((-1.0)+(I01))))))+((0.097)-(((((I02)+(-0.15)))-(((-1.0)-(0.089))))))))
Stats of entire population
Fitness value sum: 	242.04429795613132
Fitness value mean: 	2.4204429795613134
Fitness value std: 	12.654732257984325
Number of NaN values: 	0
Best colony run ID: 02262
Unique Pareto front colonies: 100


Generation 76
Generations without improvement: 31 (0.56)
Used probs: 0.607576, 0.691667, 0.691667, 0.000000, 0.000000, 0.000000, 0.000000
Best colony has index 0 and fitness value of 0.110286
Expression: 0 	((0.097*2.0)*(((I02)*(0.205))+((I02)-(((((0.205)-(2.0)))+(((0.430)-(0.430))))))))
Expression: 1 	((((((((I02)+(0.205)))+(((0.089)+(0.430)))))-(0.430))*((I02)*(2.0)))-(((2.0)-(((-1.0)-(0.097))))-((((I02)-(((0.205)-(-1.0)))))-(1.0))))
Expression: 2 	((I02-I01)-(I02+0.205))
Expression: 3 	((I02*0.089)+(0.430+((I02)+(((0.430)-(((-0.15)*(I01))))))))
Expression: 4 	((2.0*((I02)+(((((I02)+(1.0)))*(I02)))))+(I02-I02))
Expression: 5 	((I01-((((((0.089)+(0.205)))*(((1.0)+(0.205)))))*(I02)))*(((2.0)*(((((1.0)*(I01)))+(((-1.0)+(I01))))))+((0.097)-(((((I02)+(-0.15)))-(((-1.0)-(0.089))))))))
Stats of entire population
Fitness value sum: 	242.5658401030208
Fitness value mean: 	2.425658401030208
Fitness value std: 	12.654032297206523
Number of NaN values: 	0
Best colony run ID: 02262
Unique Pareto front colonies: 100


Generation 77
Generations without improvement: 32 (0.58)
Used probs: 0.628788, 0.708333, 0.708333, 0.000000, 0.000000, 0.000000, 0.000000
Best colony has index 0 and fitness value of 0.110286
Expression: 0 	((0.097*2.0)*(((I02)*(0.205))+((I02)-(((((0.205)-(2.0)))+(((0.430)-(0.430))))))))
Expression: 1 	((((((((I02)+(0.205)))+(((0.089)+(0.430)))))-(0.430))*((I02)*(2.0)))-(((2.0)-(((-1.0)-(0.097))))-((((I02)-(((0.205)-(-1.0)))))-(1.0))))
Expression: 2 	((I02-I01)-(I02+0.205))
Expression: 3 	((I02*0.089)+(0.430+((I02)+(((0.430)-(((-0.15)*(I01))))))))
Expression: 4 	((2.0*((I02)+(((((I02)+(1.0)))*(I02)))))+(I02-I02))
Expression: 5 	((I01-((((((0.089)+(0.205)))*(((1.0)+(0.205)))))*(I02)))*(((2.0)*(((((1.0)*(I01)))+(((-1.0)+(I01))))))+((0.097)-(((((I02)+(-0.15)))-(((-1.0)-(0.089))))))))
Stats of entire population
Fitness value sum: 	231.1417374479221
Fitness value mean: 	2.311417374479221
Fitness value std: 	12.636292375808415
Number of NaN values: 	0
Best colony run ID: 02262
Unique Pareto front colonies: 100


Generation 78
Generations without improvement: 33 (0.60)
Used probs: 0.650000, 0.725000, 0.725000, 0.000000, 0.000000, 0.000000, 0.000000
Best colony has index 0 and fitness value of 0.110286
Expression: 0 	((0.097*2.0)*(((I02)*(0.205))+((I02)-(((((0.205)-(2.0)))+(((0.430)-(0.430))))))))
Expression: 1 	((((((((I02)+(0.205)))+(((0.089)+(0.430)))))-(0.430))*((I02)*(2.0)))-(((2.0)-(((-1.0)-(0.097))))-((((I02)-(((0.205)-(-1.0)))))-(1.0))))
Expression: 2 	((I02-I01)-(I02+0.205))
Expression: 3 	((I02*0.089)+(0.430+((I02)+(((0.430)-(((-0.15)*(I01))))))))
Expression: 4 	((2.0*((I02)+(((((I02)+(1.0)))*(I02)))))+(I02-I02))
Expression: 5 	((I01-((((((0.089)+(0.205)))*(((1.0)+(0.205)))))*(I02)))*(((2.0)*(((((1.0)*(I01)))+(((-1.0)+(I01))))))+((0.097)-(((((I02)+(-0.15)))-(((-1.0)-(0.089))))))))
Stats of entire population
Fitness value sum: 	231.60980193646103
Fitness value mean: 	2.31609801936461
Fitness value std: 	12.635886810854984
Number of NaN values: 	0
Best colony run ID: 02262
Unique Pareto front colonies: 100


Generation 79
Generations without improvement: 34 (0.62)
Used probs: 0.671212, 0.741667, 0.741667, 0.000000, 0.000000, 0.000000, 0.000000
Best colony has index 0 and fitness value of 0.110286
Expression: 0 	((0.097*2.0)*(((I02)*(0.205))+((I02)-(((((0.205)-(2.0)))+(((0.430)-(0.430))))))))
Expression: 1 	((((((((I02)+(0.205)))+(((0.089)+(0.430)))))-(0.430))*((I02)*(2.0)))-(((2.0)-(((-1.0)-(0.097))))-((((I02)-(((0.205)-(-1.0)))))-(1.0))))
Expression: 2 	((I02-I01)-(I02+0.205))
Expression: 3 	((I02*0.089)+(0.430+((I02)+(((0.430)-(((-0.15)*(I01))))))))
Expression: 4 	((2.0*((I02)+(((((I02)+(1.0)))*(I02)))))+(I02-I02))
Expression: 5 	((I01-((((((0.089)+(0.205)))*(((1.0)+(0.205)))))*(I02)))*(((2.0)*(((((1.0)*(I01)))+(((-1.0)+(I01))))))+((0.097)-(((((I02)+(-0.15)))-(((-1.0)-(0.089))))))))
Stats of entire population
Fitness value sum: 	231.1551923001238
Fitness value mean: 	2.311551923001238
Fitness value std: 	12.63655016393903
Number of NaN values: 	0
Best colony run ID: 02262
Unique Pareto front colonies: 100


Generation 80
Generations without improvement: 35 (0.64)
Used probs: 0.692424, 0.758333, 0.758333, 0.000000, 0.000000, 0.000000, 0.000000
Best colony has index 0 and fitness value of 0.110286
Expression: 0 	((0.097*2.0)*(((I02)*(0.205))+((I02)-(((((0.205)-(2.0)))+(((0.430)-(0.430))))))))
Expression: 1 	((((((((I02)+(0.205)))+(((0.089)+(0.430)))))-(0.430))*((I02)*(2.0)))-(((2.0)-(((-1.0)-(0.097))))-((((I02)-(((0.205)-(-1.0)))))-(1.0))))
Expression: 2 	((I02-I01)-(I02+0.205))
Expression: 3 	((I02*0.089)+(0.430+((I02)+(((0.430)-(((-0.15)*(I01))))))))
Expression: 4 	((2.0*((I02)+(((((I02)+(1.0)))*(I02)))))+(I02-I02))
Expression: 5 	((I01-((((((0.089)+(0.205)))*(((1.0)+(0.205)))))*(I02)))*(((2.0)*(((((1.0)*(I01)))+(((-1.0)+(I01))))))+((0.097)-(((((I02)+(-0.15)))-(((-1.0)-(0.089))))))))
Stats of entire population
Fitness value sum: 	230.6091188465501
Fitness value mean: 	2.306091188465501
Fitness value std: 	12.637373859603633
Number of NaN values: 	0
Best colony run ID: 02262
Unique Pareto front colonies: 100


Generation 81
Generations without improvement: 36 (0.65)
Used probs: 0.713636, 0.775000, 0.775000, 0.000000, 0.000000, 0.000000, 0.000000
Best colony has index 0 and fitness value of 0.110286
Expression: 0 	((0.097*2.0)*(((I02)*(0.205))+((I02)-(((((0.205)-(2.0)))+(((0.430)-(0.430))))))))
Expression: 1 	((((((((I02)+(0.205)))+(((0.089)+(0.430)))))-(0.430))*((I02)*(2.0)))-(((2.0)-(((-1.0)-(0.097))))-((((I02)-(((0.205)-(-1.0)))))-(1.0))))
Expression: 2 	((I02-I01)-(I02+0.205))
Expression: 3 	((I02*0.089)+(0.430+((I02)+(((0.430)-(((-0.15)*(I01))))))))
Expression: 4 	((2.0*((I02)+(((((I02)+(1.0)))*(I02)))))+(I02-I02))
Expression: 5 	((I01-((((((0.089)+(0.205)))*(((1.0)+(0.205)))))*(I02)))*(((2.0)*(((((1.0)*(I01)))+(((-1.0)+(I01))))))+((0.097)-(((((I02)+(-0.15)))-(((-1.0)-(0.089))))))))
Stats of entire population
Fitness value sum: 	231.89420465070648
Fitness value mean: 	2.3189420465070647
Fitness value std: 	12.635807243793762
Number of NaN values: 	0
Best colony run ID: 02262
Unique Pareto front colonies: 100


Generation 82
Generations without improvement: 37 (0.67)
Used probs: 0.734848, 0.791667, 0.791667, 0.000000, 0.000000, 0.000000, 0.000000
Best colony has index 0 and fitness value of 0.110286
Expression: 0 	((0.097*2.0)*(((I02)*(0.205))+((I02)-(((((0.205)-(2.0)))+(((0.430)-(0.430))))))))
Expression: 1 	((((((((I02)+(0.205)))+(((0.089)+(0.430)))))-(0.430))*((I02)*(2.0)))-(((2.0)-(((-1.0)-(0.097))))-((((I02)-(((0.205)-(-1.0)))))-(1.0))))
Expression: 2 	((I02-I01)-(I02+0.205))
Expression: 3 	((I02*0.089)+(0.430+((I02)+(((0.430)-(((-0.15)*(I01))))))))
Expression: 4 	((2.0*((I02)+(((((I02)+(1.0)))*(I02)))))+(I02-I02))
Expression: 5 	((I01-((((((0.089)+(0.205)))*(((1.0)+(0.205)))))*(I02)))*(((2.0)*(((((1.0)*(I01)))+(((-1.0)+(I01))))))+((0.097)-(((((I02)+(-0.15)))-(((-1.0)-(0.089))))))))
Stats of entire population
Fitness value sum: 	230.50477256945769
Fitness value mean: 	2.305047725694577
Fitness value std: 	12.6375977569509
Number of NaN values: 	0
Best colony run ID: 02262
Unique Pareto front colonies: 100


Generation 83
Generations without improvement: 38 (0.69)
Used probs: 0.756061, 0.808333, 0.808333, 0.000000, 0.000000, 0.000000, 0.000000
Best colony has index 0 and fitness value of 0.110286
Expression: 0 	((0.097*2.0)*(((I02)*(0.205))+((I02)-(((((0.205)-(2.0)))+(((0.430)-(0.430))))))))
Expression: 1 	((((((((I02)+(0.205)))+(((0.089)+(0.430)))))-(0.430))*((I02)*(2.0)))-(((2.0)-(((-1.0)-(0.097))))-((((I02)-(((0.205)-(-1.0)))))-(1.0))))
Expression: 2 	((I02-I01)-(I02+0.205))
Expression: 3 	((I02*0.089)+(0.430+((I02)+(((0.430)-(((-0.15)*(I01))))))))
Expression: 4 	((2.0*((I02)+(((((I02)+(1.0)))*(I02)))))+(I02-I02))
Expression: 5 	((I01-((((((0.089)+(0.205)))*(((1.0)+(0.205)))))*(I02)))*(((2.0)*(((((1.0)*(I01)))+(((-1.0)+(I01))))))+((0.097)-(((((I02)+(-0.15)))-(((-1.0)-(0.089))))))))
Stats of entire population
Fitness value sum: 	232.13784876875812
Fitness value mean: 	2.321378487687581
Fitness value std: 	12.635681129405626
Number of NaN values: 	0
Best colony run ID: 02262
Unique Pareto front colonies: 100


Generation 84
Generations without improvement: 39 (0.71)
Used probs: 0.777273, 0.825000, 0.825000, 0.000000, 0.000000, 0.000000, 0.000000
Best colony has index 0 and fitness value of 0.110286
Expression: 0 	((0.097*2.0)*(((I02)*(0.205))+((I02)-(((((0.205)-(2.0)))+(((0.430)-(0.430))))))))
Expression: 1 	((((((((I02)+(0.205)))+(((0.089)+(0.430)))))-(0.430))*((I02)*(2.0)))-(((2.0)-(((-1.0)-(0.097))))-((((I02)-(((0.205)-(-1.0)))))-(1.0))))
Expression: 2 	((I02-I01)-(I02+0.205))
Expression: 3 	((I02*0.089)+(0.430+((I02)+(((0.430)-(((-0.15)*(I01))))))))
Expression: 4 	((2.0*((I02)+(((((I02)+(1.0)))*(I02)))))+(I02-I02))
Expression: 5 	((I01-((((((0.089)+(0.205)))*(((1.0)+(0.205)))))*(I02)))*(((2.0)*(((((1.0)*(I01)))+(((-1.0)+(I01))))))+((0.097)-(((((I02)+(-0.15)))-(((-1.0)-(0.089))))))))
Stats of entire population
Fitness value sum: 	232.2513601601255
Fitness value mean: 	2.322513601601255
Fitness value std: 	12.63554934911619
Number of NaN values: 	0
Best colony run ID: 02262
Unique Pareto front colonies: 100


Generation 85
Generations without improvement: 40 (0.73)
Used probs: 0.798485, 0.841667, 0.841667, 0.000000, 0.000000, 0.000000, 0.000000
Best colony has index 0 and fitness value of 0.110286
Expression: 0 	((0.097*2.0)*(((I02)*(0.205))+((I02)-(((((0.205)-(2.0)))+(((0.430)-(0.430))))))))
Expression: 1 	((((((((I02)+(0.205)))+(((0.089)+(0.430)))))-(0.430))*((I02)*(2.0)))-(((2.0)-(((-1.0)-(0.097))))-((((I02)-(((0.205)-(-1.0)))))-(1.0))))
Expression: 2 	((I02-I01)-(I02+0.205))
Expression: 3 	((I02*0.089)+(0.430+((I02)+(((0.430)-(((-0.15)*(I01))))))))
Expression: 4 	((2.0*((I02)+(((((I02)+(1.0)))*(I02)))))+(I02-I02))
Expression: 5 	((I01-((((((0.089)+(0.205)))*(((1.0)+(0.205)))))*(I02)))*(((2.0)*(((((1.0)*(I01)))+(((-1.0)+(I01))))))+((0.097)-(((((I02)+(-0.15)))-(((-1.0)-(0.089))))))))
Stats of entire population
Fitness value sum: 	231.94780244107085
Fitness value mean: 	2.3194780244107083
Fitness value std: 	12.635971616306387
Number of NaN values: 	0
Best colony run ID: 02262
Unique Pareto front colonies: 100


Generation 86
Generations without improvement: 41 (0.75)
Used probs: 0.819697, 0.858333, 0.858333, 0.000000, 0.000000, 0.000000, 0.000000
Best colony has index 0 and fitness value of 0.110286
Expression: 0 	((0.097*2.0)*(((I02)*(0.205))+((I02)-(((((0.205)-(2.0)))+(((0.430)-(0.430))))))))
Expression: 1 	((((((((I02)+(0.205)))+(((0.089)+(0.430)))))-(0.430))*((I02)*(2.0)))-(((2.0)-(((-1.0)-(0.097))))-((((I02)-(((0.205)-(-1.0)))))-(1.0))))
Expression: 2 	((I02-I01)-(I02+0.205))
Expression: 3 	((I02*0.089)+(0.430+((I02)+(((0.430)-(((-0.15)*(I01))))))))
Expression: 4 	((2.0*((I02)+(((((I02)+(1.0)))*(I02)))))+(I02-I02))
Expression: 5 	((I01-((((((0.089)+(0.205)))*(((1.0)+(0.205)))))*(I02)))*(((2.0)*(((((1.0)*(I01)))+(((-1.0)+(I01))))))+((0.097)-(((((I02)+(-0.15)))-(((-1.0)-(0.089))))))))
Stats of entire population
Fitness value sum: 	232.9934803329053
Fitness value mean: 	2.3299348033290532
Fitness value std: 	12.634607970734873
Number of NaN values: 	0
Best colony run ID: 02262
Unique Pareto front colonies: 100


Generation 87
Generations without improvement: 42 (0.76)
Used probs: 0.840909, 0.875000, 0.875000, 0.000000, 0.000000, 0.000000, 0.000000
Best colony has index 0 and fitness value of 0.110286
Expression: 0 	((0.097*2.0)*(((I02)*(0.205))+((I02)-(((((0.205)-(2.0)))+(((0.430)-(0.430))))))))
Expression: 1 	((((((((I02)+(0.205)))+(((0.089)+(0.430)))))-(0.430))*((I02)*(2.0)))-(((2.0)-(((-1.0)-(0.097))))-((((I02)-(((0.205)-(-1.0)))))-(1.0))))
Expression: 2 	((I02-I01)-(I02+0.205))
Expression: 3 	((I02*0.089)+(0.430+((I02)+(((0.430)-(((-0.15)*(I01))))))))
Expression: 4 	((2.0*((I02)+(((((I02)+(1.0)))*(I02)))))+(I02-I02))
Expression: 5 	((I01-((((((0.089)+(0.205)))*(((1.0)+(0.205)))))*(I02)))*(((2.0)*(((((1.0)*(I01)))+(((-1.0)+(I01))))))+((0.097)-(((((I02)+(-0.15)))-(((-1.0)-(0.089))))))))
Stats of entire population
Fitness value sum: 	232.86496393480851
Fitness value mean: 	2.328649639348085
Fitness value std: 	12.634847266527727
Number of NaN values: 	0
Best colony run ID: 02262
Unique Pareto front colonies: 100


Generation 88
Generations without improvement: 43 (0.78)
Used probs: 0.862121, 0.891667, 0.891667, 0.000000, 0.000000, 0.000000, 0.000000
Best colony has index 0 and fitness value of 0.110286
Expression: 0 	((0.097*2.0)*(((I02)*(0.205))+((I02)-(((((0.205)-(2.0)))+(((0.430)-(0.430))))))))
Expression: 1 	((((((((I02)+(0.205)))+(((0.089)+(0.430)))))-(0.430))*((I02)*(2.0)))-(((2.0)-(((-1.0)-(0.097))))-((((I02)-(((0.205)-(-1.0)))))-(1.0))))
Expression: 2 	((I02-I01)-(I02+0.205))
Expression: 3 	((I02*0.089)+(0.430+((I02)+(((0.430)-(((-0.15)*(I01))))))))
Expression: 4 	((2.0*((I02)+(((((I02)+(1.0)))*(I02)))))+(I02-I02))
Expression: 5 	((I01-((((((0.089)+(0.205)))*(((1.0)+(0.205)))))*(I02)))*(((2.0)*(((((1.0)*(I01)))+(((-1.0)+(I01))))))+((0.097)-(((((I02)+(-0.15)))-(((-1.0)-(0.089))))))))
Stats of entire population
Fitness value sum: 	232.60197007150606
Fitness value mean: 	2.3260197007150607
Fitness value std: 	12.635129962196398
Number of NaN values: 	0
Best colony run ID: 02262
Unique Pareto front colonies: 100


Generation 89
Generations without improvement: 44 (0.80)
Used probs: 0.883333, 0.908333, 0.908333, 0.000000, 0.000000, 0.000000, 0.000000
Best colony has index 0 and fitness value of 0.110286
Expression: 0 	((0.097*2.0)*(((I02)*(0.205))+((I02)-(((((0.205)-(2.0)))+(((0.430)-(0.430))))))))
Expression: 1 	((((((((I02)+(0.205)))+(((0.089)+(0.430)))))-(0.430))*((I02)*(2.0)))-(((2.0)-(((-1.0)-(0.097))))-((((I02)-(((0.205)-(-1.0)))))-(1.0))))
Expression: 2 	((I02-I01)-(I02+0.205))
Expression: 3 	((I02*0.089)+(0.430+((I02)+(((0.430)-(((-0.15)*(I01))))))))
Expression: 4 	((2.0*((I02)+(((((I02)+(1.0)))*(I02)))))+(I02-I02))
Expression: 5 	((I01-((((((0.089)+(0.205)))*(((1.0)+(0.205)))))*(I02)))*(((2.0)*(((((1.0)*(I01)))+(((-1.0)+(I01))))))+((0.097)-(((((I02)+(-0.15)))-(((-1.0)-(0.089))))))))
Stats of entire population
Fitness value sum: 	232.59873440634428
Fitness value mean: 	2.3259873440634427
Fitness value std: 	12.635122971792217
Number of NaN values: 	0
Best colony run ID: 02262
Unique Pareto front colonies: 100


Generation 90
Generations without improvement: 45 (0.82)
Used probs: 0.904545, 0.925000, 0.925000, 0.000000, 0.000000, 0.000000, 0.000000
Best colony has index 0 and fitness value of 0.110286
Expression: 0 	((0.097*2.0)*(((I02)*(0.205))+((I02)-(((((0.205)-(2.0)))+(((0.430)-(0.430))))))))
Expression: 1 	((((((((I02)+(0.205)))+(((0.089)+(0.430)))))-(0.430))*((I02)*(2.0)))-(((2.0)-(((-1.0)-(0.097))))-((((I02)-(((0.205)-(-1.0)))))-(1.0))))
Expression: 2 	((I02-I01)-(I02+0.205))
Expression: 3 	((I02*0.089)+(0.430+((I02)+(((0.430)-(((-0.15)*(I01))))))))
Expression: 4 	((2.0*((I02)+(((((I02)+(1.0)))*(I02)))))+(I02-I02))
Expression: 5 	((I01-((((((0.089)+(0.205)))*(((1.0)+(0.205)))))*(I02)))*(((2.0)*(((((1.0)*(I01)))+(((-1.0)+(I01))))))+((0.097)-(((((I02)+(-0.15)))-(((-1.0)-(0.089))))))))
Stats of entire population
Fitness value sum: 	235.15419566736523
Fitness value mean: 	2.3515419566736524
Fitness value std: 	12.638872195685462
Number of NaN values: 	0
Best colony run ID: 02262
Unique Pareto front colonies: 100


Generation 91
Generations without improvement: 46 (0.84)
Used probs: 0.925758, 0.941667, 0.941667, 0.000000, 0.000000, 0.000000, 0.000000
Best colony has index 0 and fitness value of 0.110286
Expression: 0 	((0.097*2.0)*(((I02)*(0.205))+((I02)-(((((0.205)-(2.0)))+(((0.430)-(0.430))))))))
Expression: 1 	((((((((I02)+(0.205)))+(((0.089)+(0.430)))))-(0.430))*((I02)*(2.0)))-(((2.0)-(((-1.0)-(0.097))))-((((I02)-(((0.205)-(-1.0)))))-(1.0))))
Expression: 2 	((I02-I01)-(I02+0.205))
Expression: 3 	((I02*0.089)+(0.430+((I02)+(((0.430)-(((-0.15)*(I01))))))))
Expression: 4 	((2.0*((I02)+(((((I02)+(1.0)))*(I02)))))+(I02-I02))
Expression: 5 	((I01-((((((0.089)+(0.205)))*(((1.0)+(0.205)))))*(I02)))*(((2.0)*(((((1.0)*(I01)))+(((-1.0)+(I01))))))+((0.097)-(((((I02)+(-0.15)))-(((-1.0)-(0.089))))))))
Stats of entire population
Fitness value sum: 	234.39165774659622
Fitness value mean: 	2.3439165774659623
Fitness value std: 	12.637392027436443
Number of NaN values: 	0
Best colony run ID: 02262
Unique Pareto front colonies: 100


Generation 92
Generations without improvement: 47 (0.85)
Used probs: 0.946970, 0.958333, 0.958333, 0.000000, 0.000000, 0.000000, 0.000000
Best colony has index 0 and fitness value of 0.110286
Expression: 0 	((0.097*2.0)*(((I02)*(0.205))+((I02)-(((((0.205)-(2.0)))+(((0.430)-(0.430))))))))
Expression: 1 	((((((((I02)+(0.205)))+(((0.089)+(0.430)))))-(0.430))*((I02)*(2.0)))-(((2.0)-(((-1.0)-(0.097))))-((((I02)-(((0.205)-(-1.0)))))-(1.0))))
Expression: 2 	((I02-I01)-(I02+0.205))
Expression: 3 	((I02*0.089)+(0.430+((I02)+(((0.430)-(((-0.15)*(I01))))))))
Expression: 4 	((2.0*((I02)+(((((I02)+(1.0)))*(I02)))))+(I02-I02))
Expression: 5 	((I01-((((((0.089)+(0.205)))*(((1.0)+(0.205)))))*(I02)))*(((2.0)*(((((1.0)*(I01)))+(((-1.0)+(I01))))))+((0.097)-(((((I02)+(-0.15)))-(((-1.0)-(0.089))))))))
Stats of entire population
Fitness value sum: 	233.33979946503305
Fitness value mean: 	2.3333979946503307
Fitness value std: 	12.638648301493168
Number of NaN values: 	0
Best colony run ID: 02262
Unique Pareto front colonies: 100


Generation 93
Generations without improvement: 48 (0.87)
Used probs: 0.968182, 0.975000, 0.975000, 0.000000, 0.000000, 0.000000, 0.000000
Best colony has index 0 and fitness value of 0.110286
Expression: 0 	((0.097*2.0)*(((I02)*(0.205))+((I02)-(((((0.205)-(2.0)))+(((0.430)-(0.430))))))))
Expression: 1 	((((((((I02)+(0.205)))+(((0.089)+(0.430)))))-(0.430))*((I02)*(2.0)))-(((2.0)-(((-1.0)-(0.097))))-((((I02)-(((0.205)-(-1.0)))))-(1.0))))
Expression: 2 	((I02-I01)-(I02+0.205))
Expression: 3 	((I02*0.089)+(0.430+((I02)+(((0.430)-(((-0.15)*(I01))))))))
Expression: 4 	((2.0*((I02)+(((((I02)+(1.0)))*(I02)))))+(I02-I02))
Expression: 5 	((I01-((((((0.089)+(0.205)))*(((1.0)+(0.205)))))*(I02)))*(((2.0)*(((((1.0)*(I01)))+(((-1.0)+(I01))))))+((0.097)-(((((I02)+(-0.15)))-(((-1.0)-(0.089))))))))
Stats of entire population
Fitness value sum: 	241.33761193909908
Fitness value mean: 	2.413376119390991
Fitness value std: 	12.65000276688865
Number of NaN values: 	0
Best colony run ID: 02262
Unique Pareto front colonies: 100


Generation 94
Generations without improvement: 49 (0.89)
Used probs: 0.989394, 0.991667, 0.991667, 0.000000, 0.000000, 0.000000, 0.000000
Best colony has index 0 and fitness value of 0.110286
Expression: 0 	((0.097*2.0)*(((I02)*(0.205))+((I02)-(((((0.205)-(2.0)))+(((0.430)-(0.430))))))))
Expression: 1 	((((((((I02)+(0.205)))+(((0.089)+(0.430)))))-(0.430))*((I02)*(2.0)))-(((2.0)-(((-1.0)-(0.097))))-((((I02)-(((0.205)-(-1.0)))))-(1.0))))
Expression: 2 	((I02-I01)-(I02+0.205))
Expression: 3 	((I02*0.089)+(0.430+((I02)+(((0.430)-(((-0.15)*(I01))))))))
Expression: 4 	((2.0*((I02)+(((((I02)+(1.0)))*(I02)))))+(I02-I02))
Expression: 5 	((I01-((((((0.089)+(0.205)))*(((1.0)+(0.205)))))*(I02)))*(((2.0)*(((((1.0)*(I01)))+(((-1.0)+(I01))))))+((0.097)-(((((I02)+(-0.15)))-(((-1.0)-(0.089))))))))
Stats of entire population
Fitness value sum: 	240.96999594849194
Fitness value mean: 	2.4096999594849193
Fitness value std: 	12.650483650778167
Number of NaN values: 	0
Best colony run ID: 02262
Unique Pareto front colonies: 100


Generation 95
Generations without improvement: 50 (0.91)
Used probs: 1.000000, 1.000000, 1.000000, 0.000000, 0.000000, 0.000000, 0.000000
Best colony has index 0 and fitness value of 0.110286
Expression: 0 	((0.097*2.0)*(((I02)*(0.205))+((I02)-(((((0.205)-(2.0)))+(((0.430)-(0.430))))))))
Expression: 1 	((((((((I02)+(0.205)))+(((0.089)+(0.430)))))-(0.430))*((I02)*(2.0)))-(((2.0)-(((-1.0)-(0.097))))-((((I02)-(((0.205)-(-1.0)))))-(1.0))))
Expression: 2 	((I02-I01)-(I02+0.205))
Expression: 3 	((I02*0.089)+(0.430+((I02)+(((0.430)-(((-0.15)*(I01))))))))
Expression: 4 	((2.0*((I02)+(((((I02)+(1.0)))*(I02)))))+(I02-I02))
Expression: 5 	((I01-((((((0.089)+(0.205)))*(((1.0)+(0.205)))))*(I02)))*(((2.0)*(((((1.0)*(I01)))+(((-1.0)+(I01))))))+((0.097)-(((((I02)+(-0.15)))-(((-1.0)-(0.089))))))))
Stats of entire population
Fitness value sum: 	242.16944597476126
Fitness value mean: 	2.4216944597476124
Fitness value std: 	12.64878974139401
Number of NaN values: 	0
Best colony run ID: 02262
Unique Pareto front colonies: 100


Generation 96
Generations without improvement: 51 (0.93)
Used probs: 1.000000, 1.000000, 1.000000, 0.000000, 0.000000, 0.000000, 0.000000
Best colony has index 0 and fitness value of 0.110286
Expression: 0 	((0.097*2.0)*(((I02)*(0.205))+((I02)-(((((0.205)-(2.0)))+(((0.430)-(0.430))))))))
Expression: 1 	((((((((I02)+(0.205)))+(((0.089)+(0.430)))))-(0.430))*((I02)*(2.0)))-(((2.0)-(((-1.0)-(0.097))))-((((I02)-(((0.205)-(-1.0)))))-(1.0))))
Expression: 2 	((I02-I01)-(I02+0.205))
Expression: 3 	((I02*0.089)+(0.430+((I02)+(((0.430)-(((-0.15)*(I01))))))))
Expression: 4 	((2.0*((I02)+(((((I02)+(1.0)))*(I02)))))+(I02-I02))
Expression: 5 	((I01-((((((0.089)+(0.205)))*(((1.0)+(0.205)))))*(I02)))*(((2.0)*(((((1.0)*(I01)))+(((-1.0)+(I01))))))+((0.097)-(((((I02)+(-0.15)))-(((-1.0)-(0.089))))))))
Stats of entire population
Fitness value sum: 	242.70106158749616
Fitness value mean: 	2.4270106158749614
Fitness value std: 	12.64799158528209
Number of NaN values: 	0
Best colony run ID: 02262
Unique Pareto front colonies: 100


Generation 97
Generations without improvement: 52 (0.95)
Used probs: 1.000000, 1.000000, 1.000000, 0.000000, 0.000000, 0.000000, 0.000000
Best colony has index 0 and fitness value of 0.110286
Expression: 0 	((0.097*2.0)*(((I02)*(0.205))+((I02)-(((((0.205)-(2.0)))+(((0.430)-(0.430))))))))
Expression: 1 	((((((((I02)+(0.205)))+(((0.089)+(0.430)))))-(0.430))*((I02)*(2.0)))-(((2.0)-(((-1.0)-(0.097))))-((((I02)-(((0.205)-(-1.0)))))-(1.0))))
Expression: 2 	((I02-I01)-(I02+0.205))
Expression: 3 	((I02*0.089)+(0.430+((I02)+(((0.430)-(((-0.15)*(I01))))))))
Expression: 4 	((2.0*((I02)+(((((I02)+(1.0)))*(I02)))))+(I02-I02))
Expression: 5 	((I01-((((((0.089)+(0.205)))*(((1.0)+(0.205)))))*(I02)))*(((2.0)*(((((1.0)*(I01)))+(((-1.0)+(I01))))))+((0.097)-(((((I02)+(-0.15)))-(((-1.0)-(0.089))))))))
Stats of entire population
Fitness value sum: 	243.96403781431962
Fitness value mean: 	2.439640378143196
Fitness value std: 	12.646651577664716
Number of NaN values: 	0
Best colony run ID: 02262
Unique Pareto front colonies: 100


Generation 98
Generations without improvement: 53 (0.96)
Used probs: 1.000000, 1.000000, 1.000000, 0.000000, 0.000000, 0.000000, 0.000000
Best colony has index 0 and fitness value of 0.110286
Expression: 0 	((0.097*2.0)*(((I02)*(0.205))+((I02)-(((((0.205)-(2.0)))+(((0.430)-(0.430))))))))
Expression: 1 	((((((((I02)+(0.205)))+(((0.089)+(0.430)))))-(0.430))*((I02)*(2.0)))-(((2.0)-(((-1.0)-(0.097))))-((((I02)-(((0.205)-(-1.0)))))-(1.0))))
Expression: 2 	((I02-I01)-(I02+0.205))
Expression: 3 	((I02*0.089)+(0.430+((I02)+(((0.430)-(((-0.15)*(I01))))))))
Expression: 4 	((2.0*((I02)+(((((I02)+(1.0)))*(I02)))))+(I02-I02))
Expression: 5 	((I01-((((((0.089)+(0.205)))*(((1.0)+(0.205)))))*(I02)))*(((2.0)*(((((1.0)*(I01)))+(((-1.0)+(I01))))))+((0.097)-(((((I02)+(-0.15)))-(((-1.0)-(0.089))))))))
Stats of entire population
Fitness value sum: 	242.6842025187303
Fitness value mean: 	2.426842025187303
Fitness value std: 	12.648342456151845
Number of NaN values: 	0
Best colony run ID: 02262
Unique Pareto front colonies: 100


Generation 99
Generations without improvement: 54 (0.98)
Used probs: 1.000000, 1.000000, 1.000000, 0.000000, 0.000000, 0.000000, 0.000000
Best colony has index 0 and fitness value of 0.110286
Expression: 0 	((0.097*2.0)*(((I02)*(0.205))+((I02)-(((((0.205)-(2.0)))+(((0.430)-(0.430))))))))
Expression: 1 	((((((((I02)+(0.205)))+(((0.089)+(0.430)))))-(0.430))*((I02)*(2.0)))-(((2.0)-(((-1.0)-(0.097))))-((((I02)-(((0.205)-(-1.0)))))-(1.0))))
Expression: 2 	((I02-I01)-(I02+0.205))
Expression: 3 	((I02*0.089)+(0.430+((I02)+(((0.430)-(((-0.15)*(I01))))))))
Expression: 4 	((2.0*((I02)+(((((I02)+(1.0)))*(I02)))))+(I02-I02))
Expression: 5 	((I01-((((((0.089)+(0.205)))*(((1.0)+(0.205)))))*(I02)))*(((2.0)*(((((1.0)*(I01)))+(((-1.0)+(I01))))))+((0.097)-(((((I02)+(-0.15)))-(((-1.0)-(0.089))))))))
Stats of entire population
Fitness value sum: 	243.6640032144149
Fitness value mean: 	2.436640032144149
Fitness value std: 	12.64690657113948
Number of NaN values: 	0
Best colony run ID: 02262
Unique Pareto front colonies: 100


Generation 100
Generations without improvement: 55 (1.00)
Used probs: 1.000000, 1.000000, 1.000000, 0.000000, 0.000000, 0.000000, 0.000000
Best colony has index 0 and fitness value of 0.110286
Expression: 0 	((0.097*2.0)*(((I02)*(0.205))+((I02)-(((((0.205)-(2.0)))+(((0.430)-(0.430))))))))
Expression: 1 	((((((((I02)+(0.205)))+(((0.089)+(0.430)))))-(0.430))*((I02)*(2.0)))-(((2.0)-(((-1.0)-(0.097))))-((((I02)-(((0.205)-(-1.0)))))-(1.0))))
Expression: 2 	((I02-I01)-(I02+0.205))
Expression: 3 	((I02*0.089)+(0.430+((I02)+(((0.430)-(((-0.15)*(I01))))))))
Expression: 4 	((2.0*((I02)+(((((I02)+(1.0)))*(I02)))))+(I02-I02))
Expression: 5 	((I01-((((((0.089)+(0.205)))*(((1.0)+(0.205)))))*(I02)))*(((2.0)*(((((1.0)*(I01)))+(((-1.0)+(I01))))))+((0.097)-(((((I02)+(-0.15)))-(((-1.0)-(0.089))))))))
Stats of entire population
Fitness value sum: 	244.61224840067587
Fitness value mean: 	2.4461224840067586
Fitness value std: 	12.645816760465648
Number of NaN values: 	0
Best colony run ID: 02262
Unique Pareto front colonies: 100


After 100 generations, best colony has index 0 and fitness value of 0.110286
Expression: 0 	((0.097*2.0)*(((I02)*(0.205))+((I02)-(((((0.205)-(2.0)))+(((0.430)-(0.430))))))))
Expression: 1 	((((((((I02)+(0.205)))+(((0.089)+(0.430)))))-(0.430))*((I02)*(2.0)))-(((2.0)-(((-1.0)-(0.097))))-((((I02)-(((0.205)-(-1.0)))))-(1.0))))
Expression: 2 	((I02-I01)-(I02+0.205))
Expression: 3 	((I02*0.089)+(0.430+((I02)+(((0.430)-(((-0.15)*(I01))))))))
Expression: 4 	((2.0*((I02)+(((((I02)+(1.0)))*(I02)))))+(I02-I02))
Expression: 5 	((I01-((((((0.089)+(0.205)))*(((1.0)+(0.205)))))*(I02)))*(((2.0)*(((((1.0)*(I01)))+(((-1.0)+(I01))))))+((0.097)-(((((I02)+(-0.15)))-(((-1.0)-(0.089))))))))
Run ID: 02262
The End.
