Running
Submitted batch job 46427662
Submitted batch job 46427663
Submitted batch job 46427664
Submitted batch job 46427665
Submitted batch job 46427666
Submitted batch job 46427667
Submitted batch job 46427668
Submitted batch job 46427669
Submitted batch job 46427670
Submitted batch job 46427671
Submitted batch job 46427672
Submitted batch job 46427676
Submitted batch job 46427757
Submitted batch job 46427758
Submitted batch job 46427760
Submitted batch job 46427764
Submitted batch job 46427765
Submitted batch job 46427766
Submitted batch job 46427767
Submitted batch job 46427768
Submitted batch job 46427769
Submitted batch job 46427770
Submitted batch job 46427771
Submitted batch job 46427772
Submitted batch job 46427850
Submitted batch job 46427855
Submitted batch job 46427890
Submitted batch job 46427891
Submitted batch job 46427895
Submitted batch job 46427896
Submitted batch job 46427897
Submitted batch job 46427898
Submitted batch job 46427899
Submitted batch job 46427900
Submitted batch job 46427903
Submitted batch job 46427906
Submitted batch job 46427961
Submitted batch job 46427962
Submitted batch job 46427993
Submitted batch job 46428038
Submitted batch job 46428063
Submitted batch job 46428067
Submitted batch job 46428068
Submitted batch job 46428069
Submitted batch job 46428070
Submitted batch job 46428071
Submitted batch job 46428072
Submitted batch job 46428142
Submitted batch job 46428143
Submitted batch job 46428221
Submitted batch job 46428252
Submitted batch job 46428254
Submitted batch job 46428255
Submitted batch job 46428256
Submitted batch job 46428257
Submitted batch job 46428258
Submitted batch job 46428260
Submitted batch job 46428263
Submitted batch job 46428264
Submitted batch job 46428265
Submitted batch job 46428266
Submitted batch job 46428435
Submitted batch job 46428437
Submitted batch job 46428439
Submitted batch job 46428441
Submitted batch job 46428443
Submitted batch job 46428464
Submitted batch job 46428465
Submitted batch job 46428466
Submitted batch job 46428467
Submitted batch job 46428470
Submitted batch job 46428501
Submitted batch job 46428502
Submitted batch job 46428638
Submitted batch job 46428639
Submitted batch job 46428640
Submitted batch job 46428641
Submitted batch job 46428645
Submitted batch job 46428646
Submitted batch job 46428647
Submitted batch job 46428648
Submitted batch job 46428649
Submitted batch job 46428650
Submitted batch job 46428698
Submitted batch job 46428702
Submitted batch job 46428826
Submitted batch job 46428827
Submitted batch job 46428829
Submitted batch job 46428830
Submitted batch job 46428851
Submitted batch job 46428852
Submitted batch job 46428853
Submitted batch job 46428854
Submitted batch job 46428855
Submitted batch job 46428858
Submitted batch job 46428896
Submitted batch job 46428933
Submitted batch job 46428936
Submitted batch job 46429129
Submitted batch job 46429130
Submitted batch job 46429131
Submitted batch job 46429132
Submitted batch job 46429133
Submitted batch job 46429134
Submitted batch job 46429138
Submitted batch job 46429157
Submitted batch job 46429161
Submitted batch job 46429162
Submitted batch job 46429163
Submitted batch job 46429164
Submitted batch job 46429313
Submitted batch job 46429314
Submitted batch job 46429315
Submitted batch job 46429316
Submitted batch job 46429317
Submitted batch job 46429318
Submitted batch job 46429320
Submitted batch job 46429321
Submitted batch job 46429322
Submitted batch job 46429323
Submitted batch job 46429324
Submitted batch job 46429379
Submitted batch job 46429414
Submitted batch job 46429470
Submitted batch job 46429502
Submitted batch job 46429548
Submitted batch job 46429552
Submitted batch job 46429664
Submitted batch job 46429742
Submitted batch job 46429809
Submitted batch job 46429880
Submitted batch job 46429889
Submitted batch job 46429945
Submitted batch job 46430528
Submitted batch job 46430545
Submitted batch job 46430676
Submitted batch job 46430678
Submitted batch job 46430739
Submitted batch job 46430740
Submitted batch job 46430801
Submitted batch job 46430802
Submitted batch job 46430846
Submitted batch job 46430917
Submitted batch job 46430936
Submitted batch job 46431060
Submitted batch job 46431396
Submitted batch job 46431420
Submitted batch job 46431668
run_03426
run_03427
run_03428
run_03429
run_03430
run_03431
run_03432
run_03433
run_03434
run_03435
run_03436
run_03437
run_03438
run_03439
run_03440
run_03441
run_03442
run_03443
run_03444
run_03445
run_03446
run_03447
run_03448
run_03449
run_03450
run_03451
run_03452
run_03453
run_03454
run_03455
run_03456
run_03457
run_03458
run_03459
run_03460
run_03461
run_03462
run_03463
run_03464
run_03465
run_03466
run_03467
run_03468
run_03469
run_03470
run_03471
run_03472
run_03473
run_03474
run_03475
run_03476
run_03477
run_03478
run_03479
run_03480
run_03481
run_03482
run_03483
run_03484
run_03485
run_03486
run_03487
run_03488
run_03489
run_03490
run_03491
run_03492
run_03493
run_03494
run_03495
run_03496
run_03497
run_03498
run_03499
run_03500
run_03501
run_03502
run_03503
run_03504
run_03505
run_03506
run_03507
run_03508
run_03509
run_03510
run_03511
run_03512
run_03513
run_03514
run_03515
run_03516
run_03517
run_03518
run_03519
run_03520
run_03521
run_03522
run_03523
run_03524
run_03525
run_03526
run_03527
run_03528
run_03529
run_03530
run_03531
run_03532
run_03533
run_03534
run_03535
run_03536
run_03537
run_03538
run_03539
run_03540
run_03541
run_03542
run_03543
run_03544
run_03545
run_03546
run_03547
run_03548
run_03549
run_03550
run_03551
run_03552
run_03553
run_03554
run_03555
run_03556
run_03557
run_03558
run_03559
run_03560
run_03561
run_03562
run_03563
run_03564
run_03565
run_03566
run_03567
run_03568
run_03569
run_03570
run_03571
run_03572
run_03573
run_03574
run_03575
run_03576
run_03577
run_03578
run_03579
run_03580
run_03581
run_03582
run_03583
run_03584
run_03585
run_03586
run_03587
run_03588
run_03589
run_03590
run_03591
run_03592
run_03593
run_03594
run_03595
run_03596
run_03597
run_03598
run_03599
run_03600
run_03601
run_03602
run_03603
run_03604
run_03605
run_03606
run_03607
run_03608
run_03609
run_03610
run_03611
run_03612
run_03613
run_03614
run_03615
run_03616
run_03617
run_03618
run_03619
run_03620
run_03621
run_03622
run_03623
run_03624
run_03625
run_03626
run_03627
run_03628
run_03629
run_03630
run_03631
run_03632
run_03633
run_03634
run_03635
run_03636
run_03637
run_03638
run_03639
run_03640
run_03641
run_03642
run_03643
run_03644
run_03645
run_03646
run_03647
run_03648
run_03649
run_03650
run_03651
run_03652
run_03653
run_03654
run_03655
run_03656
run_03657
run_03658
run_03659
run_03660
run_03661
run_03662
run_03663
run_03664
run_03665
run_03666
run_03667
run_03668
run_03669
run_03670
run_03671
run_03672
Submitted batch job 46433092
Submitted batch job 46433093
Submitted batch job 46433094
Submitted batch job 46433095
Submitted batch job 46433096
Submitted batch job 46433097
Submitted batch job 46433098
Submitted batch job 46433099
Submitted batch job 46433100
Submitted batch job 46433101
Submitted batch job 46433102
Submitted batch job 46433103
Submitted batch job 46433626
Submitted batch job 46433666
Submitted batch job 46433679
Submitted batch job 46433711
Submitted batch job 46433794
Submitted batch job 46433850
Submitted batch job 46433947
Submitted batch job 46433948
Submitted batch job 46434097
Submitted batch job 46434098
Submitted batch job 46434130
Submitted batch job 46434161
Submitted batch job 46435398
Submitted batch job 46435473
Submitted batch job 46435629
Submitted batch job 46435687
Submitted batch job 46435720
Submitted batch job 46435775
Submitted batch job 46435843
Submitted batch job 46435903
Submitted batch job 46435905
Submitted batch job 46436056
Submitted batch job 46436166
Submitted batch job 46436168
Submitted batch job 46436991
Submitted batch job 46436992
Submitted batch job 46436996
Submitted batch job 46437057
Submitted batch job 46437075
Submitted batch job 46437142
Submitted batch job 46437199
Submitted batch job 46437237
Submitted batch job 46437243
Submitted batch job 46437247
Submitted batch job 46437289
Submitted batch job 46437339
Submitted batch job 46437997
Submitted batch job 46437998
run_03673
run_03674
run_03675
run_03676
run_03677
run_03678
run_03679
run_03680
run_03681
run_03682
run_03683
run_03684
run_03685
run_03686
run_03687
run_03688
run_03689
run_03690
run_03691
run_03692
run_03693
run_03694
run_03695
run_03696
run_03697
run_03698
run_03699
run_03700
run_03701
run_03702
run_03703
run_03704
run_03705
run_03706
run_03707
run_03708
run_03709
run_03710
run_03711
run_03712
run_03713
run_03714
run_03715
run_03716
run_03717
run_03718
run_03719
run_03720
run_03721
run_03722
Submitted batch job 46438671
Submitted batch job 46438673
Submitted batch job 46438674
Submitted batch job 46438676
Submitted batch job 46438677
Submitted batch job 46438678
Submitted batch job 46438679
Submitted batch job 46438680
Submitted batch job 46438682
Submitted batch job 46438683
Submitted batch job 46438684
Submitted batch job 46438686
Submitted batch job 46439031
Submitted batch job 46439069
Submitted batch job 46439102
Submitted batch job 46439109
Submitted batch job 46439155
Submitted batch job 46439191
Submitted batch job 46439192
Submitted batch job 46439193
Submitted batch job 46439199
Submitted batch job 46439230
Submitted batch job 46439292
Submitted batch job 46439300
Submitted batch job 46439506
Submitted batch job 46439507
Submitted batch job 46439509
Submitted batch job 46439512
Submitted batch job 46439546
Submitted batch job 46439547
Submitted batch job 46439579
Submitted batch job 46439623
Submitted batch job 46439626
Submitted batch job 46439640
Submitted batch job 46439677
Submitted batch job 46439733
Submitted batch job 46439874
Submitted batch job 46439891
Submitted batch job 46439896
Submitted batch job 46439902
Submitted batch job 46439945
Submitted batch job 46440008
Submitted batch job 46440009
Submitted batch job 46440015
Submitted batch job 46440027
Submitted batch job 46440029
Submitted batch job 46440030
Submitted batch job 46440031
Submitted batch job 46440107
Submitted batch job 46440294
Submitted batch job 46440295
Submitted batch job 46440296
Submitted batch job 46440297
Submitted batch job 46440298
Submitted batch job 46440299
Submitted batch job 46440300
Submitted batch job 46440302
Submitted batch job 46440303
Submitted batch job 46440304
Submitted batch job 46440305
Submitted batch job 46440306
Submitted batch job 46440377
Submitted batch job 46440378
Submitted batch job 46440379
Submitted batch job 46440413
Submitted batch job 46440446
Submitted batch job 46440447
Submitted batch job 46440454
Submitted batch job 46440456
Submitted batch job 46440492
Submitted batch job 46440493
Submitted batch job 46440494
Submitted batch job 46440525
Submitted batch job 46440526
Submitted batch job 46440529
Submitted batch job 46440536
Submitted batch job 46440568
Submitted batch job 46440575
Submitted batch job 46440619
Submitted batch job 46440630
Submitted batch job 46440635
Submitted batch job 46440636
Submitted batch job 46440640
Submitted batch job 46440675
Submitted batch job 46440678
Submitted batch job 46440681
Submitted batch job 46440682
Submitted batch job 46440716
Submitted batch job 46440718
Submitted batch job 46440721
Submitted batch job 46440722
Submitted batch job 46440726
Submitted batch job 46440727
Submitted batch job 46440728
Submitted batch job 46440765
Submitted batch job 46440773
Submitted batch job 46440776
Submitted batch job 46440777
Generation 68
Generations without improvement: 0 (0.00)
Used probs: 0.300000, 0.450000, 0.450000, 0.000000, 0.000000, 0.000000, 0.000000
Best colony has index 36 and fitness value of 0.041873
Expression: 0 	((((((I02)+(I01)))-(((1.0)-(-0.15))))+I01)-(I02*I02))
Expression: 1 	((I02+I01)+(I01-((-0.15)-(I02))))
Expression: 2 	((2.0*((2.0)+(((1.0)-(I01)))))+(I01+1.0))
Expression: 3 	((((((I01)*(0.089)))-(I01))-((((((2.0)*(2.0)))*(((0.430)-(I01)))))*(2.0)))+(((-1.0)*(((((I01)-(0.089)))+(((2.0)+(0.097))))))*((((I01)-(((-1.0)*(I02)))))+(1.0))))
Expression: 4 	((((I01)+(0.205))-I02)*(((((-1.0)-(I02)))+(((0.097)+(I02))))*-1.0))
Expression: 5 	((((((((-1.0)-(-0.15)))+(((-0.15)-(0.205)))))+(((I01)+(-1.0))))-((-1.0)*(((-1.0)-(2.0)))))*(((((((0.089)-(0.089)))-(-1.0)))*(((-1.0)-(I02))))-((((0.205)+(((2.0)+(2.0)))))+(((0.089)+(I02))))))
Stats of entire population
Fitness value sum: 	4.213015800096192
Fitness value mean: 	0.042130158000961926
Fitness value std: 	6.069942549725561e-05
Number of NaN values: 	0
Best colony run ID: 03395
Unique Pareto front colonies: 100


Generation 69
Generations without improvement: 1 (0.03)
Used probs: 0.300000, 0.450000, 0.450000, 0.000000, 0.000000, 0.000000, 0.000000
Best colony has index 36 and fitness value of 0.041873
Expression: 0 	((((((I02)+(I01)))-(((1.0)-(-0.15))))+I01)-(I02*I02))
Expression: 1 	((I02+I01)+(I01-((-0.15)-(I02))))
Expression: 2 	((2.0*((2.0)+(((1.0)-(I01)))))+(I01+1.0))
Expression: 3 	((((((I01)*(0.089)))-(I01))-((((((2.0)*(2.0)))*(((0.430)-(I01)))))*(2.0)))+(((-1.0)*(((((I01)-(0.089)))+(((2.0)+(0.097))))))*((((I01)-(((-1.0)*(I02)))))+(1.0))))
Expression: 4 	((((I01)+(0.205))-I02)*(((((-1.0)-(I02)))+(((0.097)+(I02))))*-1.0))
Expression: 5 	((((((((-1.0)-(-0.15)))+(((-0.15)-(0.205)))))+(((I01)+(-1.0))))-((-1.0)*(((-1.0)-(2.0)))))*(((((((0.089)-(0.089)))-(-1.0)))*(((-1.0)-(I02))))-((((0.205)+(((2.0)+(2.0)))))+(((0.089)+(I02))))))
Stats of entire population
Fitness value sum: 	4.212132676384431
Fitness value mean: 	0.04212132676384431
Fitness value std: 	6.273609059430753e-05
Number of NaN values: 	0
Best colony run ID: 03395
Unique Pareto front colonies: 100


Generation 70
Generations without improvement: 2 (0.06)
Used probs: 0.300000, 0.450000, 0.450000, 0.000000, 0.000000, 0.000000, 0.000000
Best colony has index 36 and fitness value of 0.041873
Expression: 0 	((((((I02)+(I01)))-(((1.0)-(-0.15))))+I01)-(I02*I02))
Expression: 1 	((I02+I01)+(I01-((-0.15)-(I02))))
Expression: 2 	((2.0*((2.0)+(((1.0)-(I01)))))+(I01+1.0))
Expression: 3 	((((((I01)*(0.089)))-(I01))-((((((2.0)*(2.0)))*(((0.430)-(I01)))))*(2.0)))+(((-1.0)*(((((I01)-(0.089)))+(((2.0)+(0.097))))))*((((I01)-(((-1.0)*(I02)))))+(1.0))))
Expression: 4 	((((I01)+(0.205))-I02)*(((((-1.0)-(I02)))+(((0.097)+(I02))))*-1.0))
Expression: 5 	((((((((-1.0)-(-0.15)))+(((-0.15)-(0.205)))))+(((I01)+(-1.0))))-((-1.0)*(((-1.0)-(2.0)))))*(((((((0.089)-(0.089)))-(-1.0)))*(((-1.0)-(I02))))-((((0.205)+(((2.0)+(2.0)))))+(((0.089)+(I02))))))
Stats of entire population
Fitness value sum: 	4.210742704682754
Fitness value mean: 	0.04210742704682754
Fitness value std: 	6.513666987917982e-05
Number of NaN values: 	0
Best colony run ID: 03395
Unique Pareto front colonies: 100


Generation 71
Generations without improvement: 3 (0.09)
Used probs: 0.300000, 0.450000, 0.450000, 0.000000, 0.000000, 0.000000, 0.000000
Best colony has index 36 and fitness value of 0.041873
Expression: 0 	((((((I02)+(I01)))-(((1.0)-(-0.15))))+I01)-(I02*I02))
Expression: 1 	((I02+I01)+(I01-((-0.15)-(I02))))
Expression: 2 	((2.0*((2.0)+(((1.0)-(I01)))))+(I01+1.0))
Expression: 3 	((((((I01)*(0.089)))-(I01))-((((((2.0)*(2.0)))*(((0.430)-(I01)))))*(2.0)))+(((-1.0)*(((((I01)-(0.089)))+(((2.0)+(0.097))))))*((((I01)-(((-1.0)*(I02)))))+(1.0))))
Expression: 4 	((((I01)+(0.205))-I02)*(((((-1.0)-(I02)))+(((0.097)+(I02))))*-1.0))
Expression: 5 	((((((((-1.0)-(-0.15)))+(((-0.15)-(0.205)))))+(((I01)+(-1.0))))-((-1.0)*(((-1.0)-(2.0)))))*(((((((0.089)-(0.089)))-(-1.0)))*(((-1.0)-(I02))))-((((0.205)+(((2.0)+(2.0)))))+(((0.089)+(I02))))))
Stats of entire population
Fitness value sum: 	4.209435540334756
Fitness value mean: 	0.04209435540334756
Fitness value std: 	6.696313467171774e-05
Number of NaN values: 	0
Best colony run ID: 03395
Unique Pareto front colonies: 100


Generation 72
Generations without improvement: 4 (0.12)
Used probs: 0.300000, 0.450000, 0.450000, 0.000000, 0.000000, 0.000000, 0.000000
Best colony has index 29 and fitness value of 0.041818
Expression: 0 	((((((I02)+(I01)))-(((1.0)-(-0.15))))+I01)-(I02-I02))
Expression: 1 	((I02*((I01)*(((((0.205)*(I02)))*(((-1.0)+(I02)))))))+(I01*((-0.15)-(I02))))
Expression: 2 	((2.0*((2.0)+(((1.0)-(((0.430)-(2.0)))))))+(I01+1.0))
Expression: 3 	((((((I01)-(0.089)))-(I01))-((((((2.0)*(2.0)))*(((0.430)-(I01)))))*(2.0)))+(((-1.0)*(((((I01)-(0.089)))+(((0.097)+(0.097))))))-((((((-0.15)-(0.430)))*(((0.097)*(-0.15)))))+(1.0))))
Expression: 4 	((((I01)+(((((2.0)-(0.205)))*(((0.097)+(2.0))))))-I02)*(((I01)-(((((0.089)*(2.0)))-(-1.0))))*((((((I02)-(I01)))-(((0.097)*(-1.0)))))+(1.0))))
Expression: 5 	((((I01)+(((((-1.0)+(-0.15)))+(((-0.15)-(0.205))))))-((-1.0)*(((-1.0)-(2.0)))))*(((((((0.430)-(0.089)))-(-1.0)))*(((-1.0)-(I02))))-((((0.205)+(((2.0)*(2.0)))))+(0.097))))
Stats of entire population
Fitness value sum: 	4.207583946845144
Fitness value mean: 	0.04207583946845144
Fitness value std: 	7.356556444257703e-05
Number of NaN values: 	0
Best colony run ID: 03632
Unique Pareto front colonies: 100


Generation 73
Generations without improvement: 0 (0.00)
Used probs: 0.300000, 0.450000, 0.450000, 0.000000, 0.000000, 0.000000, 0.000000
Best colony has index 2 and fitness value of 0.041761
Expression: 0 	((((2.0)-(((((1.0)+(2.0)))+(I01))))+I01)-(I02-I02))
Expression: 1 	((I02-I01)+(I01-((-0.15)-(I02))))
Expression: 2 	((2.0*((2.0)+(((1.0)-(((0.097)-(2.0)))))))+(I02+I01))
Expression: 3 	((((((I01)-(((2.0)-(0.097)))))-(I01))-((((((2.0)*(2.0)))*(((0.430)-(I01)))))*(2.0)))+(((I02)*(((((I01)-(0.089)))+(((2.0)+(0.097))))))-((((1.0)*(-0.15)))+(I02))))
Expression: 4 	((((I01)+(0.205))-I02)+(((I01)+(((-1.0)+(I02))))*-1.0))
Expression: 5 	((((((((-1.0)-(-0.15)))+(((-0.15)-(0.205)))))+(((I01)+(-1.0))))-((-1.0)*(((-1.0)-(2.0)))))*(((((((0.089)-(0.089)))-(-1.0)))*(-1.0))-((((0.205)+(((2.0)+(2.0)))))+(0.097))))
Stats of entire population
Fitness value sum: 	4.205224120048534
Fitness value mean: 	0.04205224120048534
Fitness value std: 	8.26381404542418e-05
Number of NaN values: 	0
Best colony run ID: 03678
Unique Pareto front colonies: 100


Generation 74
Generations without improvement: 0 (0.00)
Used probs: 0.300000, 0.450000, 0.450000, 0.000000, 0.000000, 0.000000, 0.000000
Best colony has index 2 and fitness value of 0.041761
Expression: 0 	((((2.0)-(((((1.0)+(2.0)))+(I01))))+I01)-(I02-I02))
Expression: 1 	((I02-I01)+(I01-((-0.15)-(I02))))
Expression: 2 	((2.0*((2.0)+(((1.0)-(((0.097)-(2.0)))))))+(I02+I01))
Expression: 3 	((((((I01)-(((2.0)-(0.097)))))-(I01))-((((((2.0)*(2.0)))*(((0.430)-(I01)))))*(2.0)))+(((I02)*(((((I01)-(0.089)))+(((2.0)+(0.097))))))-((((1.0)*(-0.15)))+(I02))))
Expression: 4 	((((I01)+(0.205))-I02)+(((I01)+(((-1.0)+(I02))))*-1.0))
Expression: 5 	((((((((-1.0)-(-0.15)))+(((-0.15)-(0.205)))))+(((I01)+(-1.0))))-((-1.0)*(((-1.0)-(2.0)))))*(((((((0.089)-(0.089)))-(-1.0)))*(-1.0))-((((0.205)+(((2.0)+(2.0)))))+(0.097))))
Stats of entire population
Fitness value sum: 	4.2030789242448785
Fitness value mean: 	0.04203078924244878
Fitness value std: 	8.064294484150071e-05
Number of NaN values: 	0
Best colony run ID: 03678
Unique Pareto front colonies: 100


Generation 75
Generations without improvement: 1 (0.04)
Used probs: 0.300000, 0.450000, 0.450000, 0.000000, 0.000000, 0.000000, 0.000000
Traceback (most recent call last):
  File "./eve3_study.py", line 79, in <module>
    model.train()
  File "/data/scratch/projects/punim0394/BOR/2.GEP_IN_THE_LOOP/new_EVE3_from_Fabian/BOR_U_pop100_gen100/eve3_model.py", line 701, in train
    pop.fitness(num_proc=self.num_proc, num_thr=self.num_thr)
  File "/home/lcampoli/virtualenv/python3.8.6/lib/python3.8/site-packages/ea/cpopulation.py", line 182, in fitness
    self.fac.get_world().costs(self._pop, cost_id=cost_id, num_thr=num_thr)
  File "/home/lcampoli/virtualenv/python3.8.6/lib/python3.8/site-packages/we/cworld.py", line 522, in costs
    self.load_ext_eval_data(folder)
  File "/home/lcampoli/virtualenv/python3.8.6/lib/python3.8/site-packages/we/cworld.py", line 1031, in load_ext_eval_data
    self.actives_db[run_id][sym.name] = self.load_data(sym, datapath=os.path.join(run_folder, output_folder))
  File "/home/lcampoli/virtualenv/python3.8.6/lib/python3.8/site-packages/we/cworld.py", line 232, in load_data
    data_sym = np.loadtxt(file_name)
  File "/home/lcampoli/virtualenv/python3.8.6/lib/python3.8/site-packages/numpy/lib/npyio.py", line 1356, in loadtxt
    arr = _read(fname, dtype=dtype, comment=comment, delimiter=delimiter,
  File "/home/lcampoli/virtualenv/python3.8.6/lib/python3.8/site-packages/numpy/lib/npyio.py", line 975, in _read
    fh = np.lib._datasource.open(fname, 'rt', encoding=encoding)
  File "/home/lcampoli/virtualenv/python3.8.6/lib/python3.8/site-packages/numpy/lib/_datasource.py", line 193, in open
    return ds.open(path, mode, encoding=encoding, newline=newline)
  File "/home/lcampoli/virtualenv/python3.8.6/lib/python3.8/site-packages/numpy/lib/_datasource.py", line 533, in open
    raise FileNotFoundError(f"{path} not found.")
FileNotFoundError: running_pfac150_pop100_seed0/run_03784/output/BOR_U1.edf.gz not found.
